#
# There is insufficient memory for the Java Runtime Environment to continue.
# Native memory allocation (malloc) failed to allocate 109216 bytes for Chunk::new
# Possible reasons:
#   The system is out of physical RAM or swap space
#   The process is running with CompressedOops enabled, and the Java Heap may be blocking the growth of the native heap
# Possible solutions:
#   Reduce memory load on the system
#   Increase physical memory or swap space
#   Check if swap backing store is full
#   Decrease Java heap size (-Xmx/-Xms)
#   Decrease number of Java threads
#   Decrease Java thread stack sizes (-Xss)
#   Set larger code cache with -XX:ReservedCodeCacheSize=
#   JVM is running with Unscaled Compressed Oops mode in which the Java heap is
#     placed in the first 4GB address space. The Java Heap base address is the
#     maximum limit for the native heap growth. Please use -XX:HeapBaseMinAddress
#     to set the Java Heap base and to place the Java Heap above 4GB virtual address.
# This output file may be truncated or incomplete.
#
#  Out of Memory Error (arena.cpp:189), pid=9180, tid=4024
#
# JRE version: OpenJDK Runtime Environment Temurin-17.0.1+12 (17.0.1+12) (build 17.0.1+12)
# Java VM: OpenJDK 64-Bit Server VM Temurin-17.0.1+12 (17.0.1+12, mixed mode, tiered, compressed oops, compressed class ptrs, parallel gc, windows-amd64)
# No core dump will be written. Minidumps are not enabled by default on client versions of Windows
#

---------------  S U M M A R Y ------------

Command Line: --add-modules=ALL-SYSTEM --add-opens=java.base/java.util=ALL-UNNAMED --add-opens=java.base/java.lang=ALL-UNNAMED -Declipse.application=org.eclipse.jdt.ls.core.id1 -Dosgi.bundles.defaultStartLevel=4 -Declipse.product=org.eclipse.jdt.ls.core.product -Djava.import.generatesMetadataFilesAtProjectRoot=false -Dfile.encoding=utf8 -DwatchParentProcess=false -XX:+UseParallelGC -XX:GCTimeRatio=4 -XX:AdaptiveSizePolicyWeight=90 -Dsun.zip.disableMemoryMapping=true -Xmx1G -Xms100m c:\Users\DELL\.vscode\extensions\redhat.java-1.2.0\server\plugins\org.eclipse.equinox.launcher_1.6.400.v20210924-0641.jar -configuration c:\Users\DELL\AppData\Roaming\Code\User\globalStorage\redhat.java\1.2.0\config_ss_win -data c:\Users\DELL\AppData\Roaming\Code\User\workspaceStorage\4cef00c22476a0f5344aade2b7cc0877\redhat.java\ss_ws

Host: Intel(R) Core(TM) i5 CPU       M 560  @ 2.67GHz, 4 cores, 7G,  Windows 7 , 64 bit Build 7601 (6.1.7601.24556)
Time: Tue Dec 28 16:19:55 2021 SE Asia Standard Time elapsed time: 3.349078 seconds (0d 0h 0m 3s)

---------------  T H R E A D  ---------------

Current thread (0x0000000016dd06d0):  JavaThread "C2 CompilerThread0" daemon [_thread_in_native, id=4024, stack(0x00000000190e0000,0x00000000191e0000)]


Current CompileTask:
C2:   3349 1894 %     4       java.util.Properties$LineReader::readLine @ 53 (584 bytes)

Stack: [0x00000000190e0000,0x00000000191e0000]
Native frames: (J=compiled Java code, j=interpreted, Vv=VM code, C=native code)
V  [jvm.dll+0x6744da]
V  [jvm.dll+0x82e144]
V  [jvm.dll+0x82f8ee]
V  [jvm.dll+0x82ff53]
V  [jvm.dll+0x245175]
V  [jvm.dll+0xab85b]
V  [jvm.dll+0xabdec]
V  [jvm.dll+0x2abf6f]
V  [jvm.dll+0x57b849]
V  [jvm.dll+0x22022d]
V  [jvm.dll+0x219711]
V  [jvm.dll+0x217345]
V  [jvm.dll+0x1a355d]
V  [jvm.dll+0x226e38]
V  [jvm.dll+0x224f7c]
V  [jvm.dll+0x7e3f5b]
V  [jvm.dll+0x7de51a]
V  [jvm.dll+0x673305]
C  [ucrtbase.DLL+0x1c1ae]
C  [kernel32.dll+0x155dd]
C  [ntdll.dll+0x52b1d]


---------------  P R O C E S S  ---------------

Threads class SMR info:
_java_thread_list=0x000000001a215ce0, length=20, elements={
0x00000000003b9470, 0x0000000016d6a7e0, 0x0000000016d6bc00, 0x0000000016dbd3e0,
0x0000000016dbef60, 0x0000000016dc83c0, 0x0000000016dcf200, 0x0000000016dd06d0,
0x0000000016dd4b70, 0x0000000016e13340, 0x00000000004257d0, 0x00000000197df1a0,
0x000000001a093820, 0x000000001a15f4e0, 0x000000001a15f9b0, 0x000000001a18a750,
0x000000001a25e3e0, 0x000000001a3e0770, 0x000000001a4b8e30, 0x000000001c444350
}

Java Threads: ( => current thread )
  0x00000000003b9470 JavaThread "main" [_thread_in_native, id=8420, stack(0x00000000021e0000,0x00000000022e0000)]
  0x0000000016d6a7e0 JavaThread "Reference Handler" daemon [_thread_blocked, id=9340, stack(0x0000000018930000,0x0000000018a30000)]
  0x0000000016d6bc00 JavaThread "Finalizer" daemon [_thread_blocked, id=8416, stack(0x0000000018bc0000,0x0000000018cc0000)]
  0x0000000016dbd3e0 JavaThread "Signal Dispatcher" daemon [_thread_blocked, id=8384, stack(0x0000000018ac0000,0x0000000018bc0000)]
  0x0000000016dbef60 JavaThread "Attach Listener" daemon [_thread_blocked, id=6700, stack(0x0000000018e60000,0x0000000018f60000)]
  0x0000000016dc83c0 JavaThread "Service Thread" daemon [_thread_blocked, id=4384, stack(0x0000000018cc0000,0x0000000018dc0000)]
  0x0000000016dcf200 JavaThread "Monitor Deflation Thread" daemon [_thread_blocked, id=1732, stack(0x0000000018f80000,0x0000000019080000)]
=>0x0000000016dd06d0 JavaThread "C2 CompilerThread0" daemon [_thread_in_native, id=4024, stack(0x00000000190e0000,0x00000000191e0000)]
  0x0000000016dd4b70 JavaThread "C1 CompilerThread0" daemon [_thread_in_native, id=6284, stack(0x0000000019380000,0x0000000019480000)]
  0x0000000016e13340 JavaThread "Sweeper thread" daemon [_thread_blocked, id=4608, stack(0x00000000195b0000,0x00000000196b0000)]
  0x00000000004257d0 JavaThread "Common-Cleaner" daemon [_thread_blocked, id=7676, stack(0x00000000194a0000,0x00000000195a0000)]
  0x00000000197df1a0 JavaThread "Notification Thread" daemon [_thread_blocked, id=9564, stack(0x0000000019ae0000,0x0000000019be0000)]
  0x000000001a093820 JavaThread "Active Thread: Equinox Container: aeb4e03f-5a4b-45e6-91de-cdd892818f8c" [_thread_blocked, id=4628, stack(0x000000001aa60000,0x000000001ab60000)]
  0x000000001a15f4e0 JavaThread "Framework Event Dispatcher: Equinox Container: aeb4e03f-5a4b-45e6-91de-cdd892818f8c" daemon [_thread_blocked, id=10084, stack(0x000000001a850000,0x000000001a950000)]
  0x000000001a15f9b0 JavaThread "Start Level: Equinox Container: aeb4e03f-5a4b-45e6-91de-cdd892818f8c" daemon [_thread_blocked, id=7868, stack(0x000000001b4a0000,0x000000001b5a0000)]
  0x000000001a18a750 JavaThread "SCR Component Actor" daemon [_thread_blocked, id=9492, stack(0x000000001b5c0000,0x000000001b6c0000)]
  0x000000001a25e3e0 JavaThread "Timer-0" [_thread_blocked, id=7564, stack(0x000000001b860000,0x000000001b960000)]
  0x000000001a3e0770 JavaThread "Worker-JM" [_thread_blocked, id=4456, stack(0x000000001b980000,0x000000001ba80000)]
  0x000000001a4b8e30 JavaThread "Worker-0" [_thread_blocked, id=5528, stack(0x000000001d530000,0x000000001d630000)]
  0x000000001c444350 JavaThread "Worker-1" [_thread_blocked, id=2012, stack(0x000000001d670000,0x000000001d770000)]

Other Threads:
  0x0000000016d56540 VMThread "VM Thread" [stack: 0x0000000018730000,0x0000000018830000] [id=8056]
  0x00000000197ff990 WatcherThread [stack: 0x0000000019c70000,0x0000000019d70000] [id=9728]
  0x00000000003d6260 GCTaskThread "GC Thread#0" [stack: 0x0000000014730000,0x0000000014830000] [id=5300]
  0x0000000019e7b360 GCTaskThread "GC Thread#1" [stack: 0x000000001a950000,0x000000001aa50000] [id=9096]
  0x000000001a1f4270 GCTaskThread "GC Thread#2" [stack: 0x000000001a570000,0x000000001a670000] [id=8836]
  0x000000001a1ae750 GCTaskThread "GC Thread#3" [stack: 0x000000001b750000,0x000000001b850000] [id=8492]

Threads with active compile tasks:
C2 CompilerThread0     3398 1894 %     4       java.util.Properties$LineReader::readLine @ 53 (584 bytes)
C1 CompilerThread0     3398 1935   !   3       org.eclipse.osgi.internal.framework.BundleContextImpl::dispatchEvent (558 bytes)

VM state: not at safepoint (normal execution)

VM Mutex/Monitor currently owned by a thread: None

OutOfMemory and StackOverflow Exception counts:
OutOfMemoryError java_heap_errors=2
LinkageErrors=25

Heap address: 0x00000000c0000000, size: 1024 MB, Compressed Oops mode: 32-bit

CDS archive(s) not mapped
Compressed class space mapped at: 0x000000013fc00000-0x000000017fc00000, reserved size: 1073741824
Narrow klass base: 0x0000000000000000, Narrow klass shift: 3, Narrow klass range: 0x17fc00000

GC Precious Log:
 CPUs: 4 total, 4 available
 Memory: 8117M
 Large Page Support: Disabled
 NUMA Support: Disabled
 Compressed Oops: Enabled (32-bit)
 Alignments: Space 512K, Generation 512K, Heap 2M
 Heap Min Capacity: 100M
 Heap Initial Capacity: 100M
 Heap Max Capacity: 1G
 Pre-touch: Disabled
 Parallel Workers: 4

Heap:
 PSYoungGen      total 29696K, used 2711K [0x00000000eab00000, 0x00000000ecc00000, 0x0000000100000000)
  eden space 25600K, 10% used [0x00000000eab00000,0x00000000eada5fa8,0x00000000ec400000)
  from space 4096K, 0% used [0x00000000ec800000,0x00000000ec800000,0x00000000ecc00000)
  to   space 4096K, 0% used [0x00000000ec400000,0x00000000ec400000,0x00000000ec800000)
 ParOldGen       total 68608K, used 6544K [0x00000000c0000000, 0x00000000c4300000, 0x00000000eab00000)
  object space 68608K, 9% used [0x00000000c0000000,0x00000000c0664360,0x00000000c4300000)
 Metaspace       used 21464K, committed 21888K, reserved 1073152K
  class space    used 2190K, committed 2368K, reserved 1048576K

Card table byte_map: [0x0000000014430000,0x0000000014640000] _byte_map_base: 0x0000000013e30000

Marking Bits: (ParMarkBitMap*) 0x000007fec75d2a60
 Begin Bits: [0x0000000014990000, 0x0000000015990000)
 End Bits:   [0x0000000015990000, 0x0000000016990000)

Polling page: 0x0000000000240000

Metaspace:

Usage:
  Non-class:     18.82 MB used.
      Class:      2.14 MB used.
       Both:     20.96 MB used.

Virtual space:
  Non-class space:       24.00 MB reserved,      19.06 MB ( 79%) committed,  3 nodes.
      Class space:        1.00 GB reserved,       2.31 MB ( <1%) committed,  1 nodes.
             Both:        1.02 GB reserved,      21.38 MB (  2%) committed. 

Chunk freelists:
   Non-Class:  144.00 KB
       Class:  1.64 MB
        Both:  1.78 MB

MaxMetaspaceSize: unlimited
CompressedClassSpaceSize: 1.00 GB
Initial GC threshold: 21.00 MB
Current GC threshold: 35.00 MB
CDS: off
MetaspaceReclaimPolicy: balanced
 - commit_granule_bytes: 65536.
 - commit_granule_words: 8192.
 - virtual_space_node_default_size: 1048576.
 - enlarge_chunks_in_place: 1.
 - new_chunks_are_fully_committed: 0.
 - uncommit_free_chunks: 1.
 - use_allocation_guard: 0.
 - handle_deallocations: 1.


Internal statistics:

num_allocs_failed_limit: 3.
num_arena_births: 152.
num_arena_deaths: 0.
num_vsnodes_births: 4.
num_vsnodes_deaths: 0.
num_space_committed: 342.
num_space_uncommitted: 0.
num_chunks_returned_to_freelist: 3.
num_chunks_taken_from_freelist: 659.
num_chunk_merges: 3.
num_chunk_splits: 435.
num_chunks_enlarged: 302.
num_purges: 0.
num_inconsistent_stats: 0.

CodeHeap 'non-profiled nmethods': size=120000Kb used=591Kb max_used=591Kb free=119408Kb
 bounds [0x000000000ce10000, 0x000000000d080000, 0x0000000014340000]
CodeHeap 'profiled nmethods': size=120000Kb used=3791Kb max_used=3791Kb free=116208Kb
 bounds [0x00000000058e0000, 0x0000000005ca0000, 0x000000000ce10000]
CodeHeap 'non-nmethods': size=5760Kb used=1174Kb max_used=1188Kb free=4586Kb
 bounds [0x0000000005340000, 0x00000000055b0000, 0x00000000058e0000]
 total_blobs=2405 nmethods=1929 adapters=391
 compilation: enabled
              stopped_count=0, restarted_count=0
 full_count=0

Compilation events (20 events):
Event: 3.195 Thread 0x0000000016dd06d0 nmethod 1886 0x000000000cea3290 code [0x000000000cea3400, 0x000000000cea3478]
Event: 3.276 Thread 0x0000000016dd4b70 1887       3       java.lang.ref.Reference::enqueueFromPending (19 bytes)
Event: 3.277 Thread 0x0000000016dd4b70 nmethod 1887 0x0000000005c80f90 code [0x0000000005c81140, 0x0000000005c81368]
Event: 3.277 Thread 0x0000000016dd4b70 1888   !   3       java.lang.ref.ReferenceQueue::enqueue (119 bytes)
Event: 3.298 Thread 0x0000000016dd4b70 nmethod 1888 0x0000000005c81410 code [0x0000000005c815e0, 0x0000000005c81bc8]
Event: 3.301 Thread 0x0000000016dd4b70 1889       3       java.lang.ref.ReferenceQueue::reallyPoll (65 bytes)
Event: 3.302 Thread 0x0000000016dd4b70 nmethod 1889 0x0000000005c81d90 code [0x0000000005c81f40, 0x0000000005c82398]
Event: 3.315 Thread 0x0000000016dd4b70 1890       3       java.util.Hashtable$Enumerator::hasMoreElements (53 bytes)
Event: 3.315 Thread 0x0000000016dd4b70 nmethod 1890 0x0000000005c82490 code [0x0000000005c82640, 0x0000000005c828d8]
Event: 3.325 Thread 0x0000000016dd4b70 1891       3       java.util.Arrays::copyOfRange (90 bytes)
Event: 3.327 Thread 0x0000000016dd4b70 nmethod 1891 0x0000000005c82a10 code [0x0000000005c82cc0, 0x0000000005c83998]
Event: 3.339 Thread 0x0000000016dd4b70 1892       3       org.eclipse.core.runtime.Path::<init> (35 bytes)
Event: 3.340 Thread 0x0000000016dd4b70 nmethod 1892 0x0000000005c83e10 code [0x0000000005c83fc0, 0x0000000005c841c8]
Event: 3.341 Thread 0x0000000016dd06d0 1893       4       java.util.Collections$UnmodifiableCollection$1::hasNext (10 bytes)
Event: 3.341 Thread 0x0000000016dd06d0 nmethod 1893 0x000000000cea3590 code [0x000000000cea3700, 0x000000000cea3798]
Event: 3.343 Thread 0x0000000016dd06d0 1894 %     4       java.util.Properties$LineReader::readLine @ 53 (584 bytes)
Event: 3.343 Thread 0x0000000016dd4b70 1896       3       org.eclipse.core.internal.registry.ConfigurationElementHandle::getConfigurationElement (18 bytes)
Event: 3.344 Thread 0x0000000016dd4b70 nmethod 1896 0x0000000005c84310 code [0x0000000005c844e0, 0x0000000005c84928]
Event: 3.344 Thread 0x0000000016dd4b70 1897       3       org.eclipse.core.internal.registry.ReferenceMap::get (54 bytes)
Event: 3.345 Thread 0x0000000016dd4b70 nmethod 1897 0x0000000005c84a90 code [0x0000000005c84c80, 0x0000000005c85148]

GC Heap History (6 events):
Event: 1.839 GC heap before
{Heap before GC invocations=1 (full 0):
 PSYoungGen      total 29696K, used 25600K [0x00000000eab00000, 0x00000000ecc00000, 0x0000000100000000)
  eden space 25600K, 100% used [0x00000000eab00000,0x00000000ec400000,0x00000000ec400000)
  from space 4096K, 0% used [0x00000000ec800000,0x00000000ec800000,0x00000000ecc00000)
  to   space 4096K, 0% used [0x00000000ec400000,0x00000000ec400000,0x00000000ec800000)
 ParOldGen       total 68608K, used 0K [0x00000000c0000000, 0x00000000c4300000, 0x00000000eab00000)
  object space 68608K, 0% used [0x00000000c0000000,0x00000000c0000000,0x00000000c4300000)
 Metaspace       used 13277K, committed 13504K, reserved 1064960K
  class space    used 1355K, committed 1472K, reserved 1048576K
}
Event: 1.848 GC heap after
{Heap after GC invocations=1 (full 0):
 PSYoungGen      total 29696K, used 3943K [0x00000000eab00000, 0x00000000ecc00000, 0x0000000100000000)
  eden space 25600K, 0% used [0x00000000eab00000,0x00000000eab00000,0x00000000ec400000)
  from space 4096K, 96% used [0x00000000ec400000,0x00000000ec7d9e28,0x00000000ec800000)
  to   space 4096K, 0% used [0x00000000ec800000,0x00000000ec800000,0x00000000ecc00000)
 ParOldGen       total 68608K, used 24K [0x00000000c0000000, 0x00000000c4300000, 0x00000000eab00000)
  object space 68608K, 0% used [0x00000000c0000000,0x00000000c0006000,0x00000000c4300000)
 Metaspace       used 13277K, committed 13504K, reserved 1064960K
  class space    used 1355K, committed 1472K, reserved 1048576K
}
Event: 3.223 GC heap before
{Heap before GC invocations=2 (full 0):
 PSYoungGen      total 29696K, used 21018K [0x00000000eab00000, 0x00000000ecc00000, 0x0000000100000000)
  eden space 25600K, 66% used [0x00000000eab00000,0x00000000ebbacbb0,0x00000000ec400000)
  from space 4096K, 96% used [0x00000000ec400000,0x00000000ec7d9e28,0x00000000ec800000)
  to   space 4096K, 0% used [0x00000000ec800000,0x00000000ec800000,0x00000000ecc00000)
 ParOldGen       total 68608K, used 24K [0x00000000c0000000, 0x00000000c4300000, 0x00000000eab00000)
  object space 68608K, 0% used [0x00000000c0000000,0x00000000c0006000,0x00000000c4300000)
 Metaspace       used 21097K, committed 21504K, reserved 1073152K
  class space    used 2142K, committed 2304K, reserved 1048576K
}
Event: 3.233 GC heap after
{Heap after GC invocations=2 (full 0):
 PSYoungGen      total 29696K, used 4084K [0x00000000eab00000, 0x00000000ecc00000, 0x0000000100000000)
  eden space 25600K, 0% used [0x00000000eab00000,0x00000000eab00000,0x00000000ec400000)
  from space 4096K, 99% used [0x00000000ec800000,0x00000000ecbfd260,0x00000000ecc00000)
  to   space 4096K, 0% used [0x00000000ec400000,0x00000000ec400000,0x00000000ec800000)
 ParOldGen       total 68608K, used 2507K [0x00000000c0000000, 0x00000000c4300000, 0x00000000eab00000)
  object space 68608K, 3% used [0x00000000c0000000,0x00000000c0272e00,0x00000000c4300000)
 Metaspace       used 21097K, committed 21504K, reserved 1073152K
  class space    used 2142K, committed 2304K, reserved 1048576K
}
Event: 3.233 GC heap before
{Heap before GC invocations=3 (full 1):
 PSYoungGen      total 29696K, used 4084K [0x00000000eab00000, 0x00000000ecc00000, 0x0000000100000000)
  eden space 25600K, 0% used [0x00000000eab00000,0x00000000eab00000,0x00000000ec400000)
  from space 4096K, 99% used [0x00000000ec800000,0x00000000ecbfd260,0x00000000ecc00000)
  to   space 4096K, 0% used [0x00000000ec400000,0x00000000ec400000,0x00000000ec800000)
 ParOldGen       total 68608K, used 2507K [0x00000000c0000000, 0x00000000c4300000, 0x00000000eab00000)
  object space 68608K, 3% used [0x00000000c0000000,0x00000000c0272e00,0x00000000c4300000)
 Metaspace       used 21097K, committed 21504K, reserved 1073152K
  class space    used 2142K, committed 2304K, reserved 1048576K
}
Event: 3.267 GC heap after
{Heap after GC invocations=3 (full 1):
 PSYoungGen      total 29696K, used 0K [0x00000000eab00000, 0x00000000ecc00000, 0x0000000100000000)
  eden space 25600K, 0% used [0x00000000eab00000,0x00000000eab00000,0x00000000ec400000)
  from space 4096K, 0% used [0x00000000ec800000,0x00000000ec800000,0x00000000ecc00000)
  to   space 4096K, 0% used [0x00000000ec400000,0x00000000ec400000,0x00000000ec800000)
 ParOldGen       total 68608K, used 6544K [0x00000000c0000000, 0x00000000c4300000, 0x00000000eab00000)
  object space 68608K, 9% used [0x00000000c0000000,0x00000000c0664360,0x00000000c4300000)
 Metaspace       used 21097K, committed 21504K, reserved 1073152K
  class space    used 2142K, committed 2304K, reserved 1048576K
}

Deoptimization events (20 events):
Event: 3.340 Thread 0x000000001a15f4e0 Uncommon trap: trap_request=0xffffffc6 fr.pc=0x000000000ce8313c relative=0x000000000000019c
Event: 3.340 Thread 0x000000001a15f4e0 Uncommon trap: reason=bimorphic_or_optimized_type_check action=maybe_recompile pc=0x000000000ce8313c method=java.util.Collections$UnmodifiableCollection$1.next()Ljava/lang/Object; @ 4 c2
Event: 3.340 Thread 0x000000001a15f4e0 DEOPT PACKING pc=0x000000000ce8313c sp=0x000000001a94df80
Event: 3.340 Thread 0x000000001a15f4e0 DEOPT UNPACKING pc=0x000000000539209d sp=0x000000001a94df30 mode 2
Event: 3.340 Thread 0x000000001a15f4e0 Uncommon trap: trap_request=0xffffffc6 fr.pc=0x000000000ce81238 relative=0x0000000000000098
Event: 3.340 Thread 0x000000001a15f4e0 Uncommon trap: reason=bimorphic_or_optimized_type_check action=maybe_recompile pc=0x000000000ce81238 method=java.util.Collections$UnmodifiableCollection$1.hasNext()Z @ 4 c2
Event: 3.340 Thread 0x000000001a15f4e0 DEOPT PACKING pc=0x000000000ce81238 sp=0x000000001a94dfa0
Event: 3.340 Thread 0x000000001a15f4e0 DEOPT UNPACKING pc=0x000000000539209d sp=0x000000001a94df30 mode 2
Event: 3.340 Thread 0x000000001a15f4e0 Uncommon trap: trap_request=0xffffffc6 fr.pc=0x000000000ce8313c relative=0x000000000000019c
Event: 3.341 Thread 0x000000001a15f4e0 Uncommon trap: reason=bimorphic_or_optimized_type_check action=maybe_recompile pc=0x000000000ce8313c method=java.util.Collections$UnmodifiableCollection$1.next()Ljava/lang/Object; @ 4 c2
Event: 3.341 Thread 0x000000001a15f4e0 DEOPT PACKING pc=0x000000000ce8313c sp=0x000000001a94df80
Event: 3.341 Thread 0x000000001a15f4e0 DEOPT UNPACKING pc=0x000000000539209d sp=0x000000001a94df30 mode 2
Event: 3.341 Thread 0x000000001a15f4e0 Uncommon trap: trap_request=0xffffffc6 fr.pc=0x000000000ce81238 relative=0x0000000000000098
Event: 3.341 Thread 0x000000001a15f4e0 Uncommon trap: reason=bimorphic_or_optimized_type_check action=maybe_recompile pc=0x000000000ce81238 method=java.util.Collections$UnmodifiableCollection$1.hasNext()Z @ 4 c2
Event: 3.341 Thread 0x000000001a15f4e0 DEOPT PACKING pc=0x000000000ce81238 sp=0x000000001a94dfa0
Event: 3.341 Thread 0x000000001a15f4e0 DEOPT UNPACKING pc=0x000000000539209d sp=0x000000001a94df30 mode 2
Event: 3.341 Thread 0x000000001a15f4e0 Uncommon trap: trap_request=0xffffffc6 fr.pc=0x000000000ce8313c relative=0x000000000000019c
Event: 3.341 Thread 0x000000001a15f4e0 Uncommon trap: reason=bimorphic_or_optimized_type_check action=maybe_recompile pc=0x000000000ce8313c method=java.util.Collections$UnmodifiableCollection$1.next()Ljava/lang/Object; @ 4 c2
Event: 3.341 Thread 0x000000001a15f4e0 DEOPT PACKING pc=0x000000000ce8313c sp=0x000000001a94df80
Event: 3.341 Thread 0x000000001a15f4e0 DEOPT UNPACKING pc=0x000000000539209d sp=0x000000001a94df30 mode 2

Classes unloaded (0 events):
No events

Classes redefined (0 events):
No events

Internal exceptions (20 events):
Event: 1.028 Thread 0x00000000003b9470 Exception <a 'java/lang/NoSuchMethodError'{0x00000000eb80a848}: 'void java.lang.invoke.DirectMethodHandle$Holder.invokeStatic(java.lang.Object, java.lang.Object)'> (0x00000000eb80a848) 
thrown [e:\jenkins\tmp\workspace\build\src\src\hotspot\share\interpreter\linkResolver.cpp, line 766]
Event: 1.028 Thread 0x00000000003b9470 Exception <a 'java/lang/NoSuchMethodError'{0x00000000eb80e048}: 'void java.lang.invoke.DirectMethodHandle$Holder.invokeStaticInit(java.lang.Object, java.lang.Object)'> (0x00000000eb80e048) 
thrown [e:\jenkins\tmp\workspace\build\src\src\hotspot\share\interpreter\linkResolver.cpp, line 766]
Event: 1.030 Thread 0x00000000003b9470 Exception <a 'java/lang/NoSuchMethodError'{0x00000000eb813be8}: 'int java.lang.invoke.DirectMethodHandle$Holder.invokeStaticInit(java.lang.Object, java.lang.Object)'> (0x00000000eb813be8) 
thrown [e:\jenkins\tmp\workspace\build\src\src\hotspot\share\interpreter\linkResolver.cpp, line 766]
Event: 1.057 Thread 0x00000000003b9470 Exception <a 'java/lang/NoSuchMethodError'{0x00000000eb864e30}: 'java.lang.Object java.lang.invoke.DirectMethodHandle$Holder.invokeStaticInit(java.lang.Object, int, int, int, int)'> (0x00000000eb864e30) 
thrown [e:\jenkins\tmp\workspace\build\src\src\hotspot\share\interpreter\linkResolver.cpp, line 766]
Event: 1.143 Thread 0x00000000003b9470 Exception <a 'java/lang/NoSuchMethodError'{0x00000000eb8bc5c8}: 'java.lang.Object java.lang.invoke.DirectMethodHandle$Holder.invokeStaticInit(java.lang.Object, java.lang.Object, int, int, int, int)'> (0x00000000eb8bc5c8) 
thrown [e:\jenkins\tmp\workspace\build\src\src\hotspot\share\interpreter\linkResolver.cpp, line 766]
Event: 1.176 Thread 0x00000000003b9470 Exception <a 'java/lang/NoSuchMethodError'{0x00000000eb931460}: 'void java.lang.invoke.DirectMethodHandle$Holder.invokeSpecial(java.lang.Object, java.lang.Object, java.lang.Object)'> (0x00000000eb931460) 
thrown [e:\jenkins\tmp\workspace\build\src\src\hotspot\share\interpreter\linkResolver.cpp, line 766]
Event: 1.200 Thread 0x00000000003b9470 Exception <a 'java/lang/NoSuchMethodError'{0x00000000eb9ba0a0}: 'void java.lang.invoke.DirectMethodHandle$Holder.invokeInterface(java.lang.Object, java.lang.Object)'> (0x00000000eb9ba0a0) 
thrown [e:\jenkins\tmp\workspace\build\src\src\hotspot\share\interpreter\linkResolver.cpp, line 766]
Event: 1.213 Thread 0x00000000003b9470 Exception <a 'java/lang/NoSuchMethodError'{0x00000000eb9e2eb0}: 'java.lang.Object java.lang.invoke.DirectMethodHandle$Holder.newInvokeSpecial(java.lang.Object, int, java.lang.Object, java.lang.Object)'> (0x00000000eb9e2eb0) 
thrown [e:\jenkins\tmp\workspace\build\src\src\hotspot\share\interpreter\linkResolver.cpp, line 766]
Event: 1.342 Thread 0x00000000003b9470 Exception <a 'java/lang/NoSuchMethodError'{0x00000000ebbc3688}: 'void java.lang.invoke.DirectMethodHandle$Holder.invokeStatic(java.lang.Object, java.lang.Object, java.lang.Object, java.lang.Object)'> (0x00000000ebbc3688) 
thrown [e:\jenkins\tmp\workspace\build\src\src\hotspot\share\interpreter\linkResolver.cpp, line 766]
Event: 1.401 Thread 0x00000000003b9470 Exception <a 'java/lang/NoSuchMethodError'{0x00000000ebcb3c28}: 'java.lang.Object java.lang.invoke.Invokers$Holder.invokeExact_MT(java.lang.Object, java.lang.Object, java.lang.Object, java.lang.Object, java.lang.Object, java.lang.Object)'> (0x00000000ebcb3c28) 
thrown [e:\jenkins\tmp\workspace\build\src\src\hotspot\share\interpreter\linkResolver.cpp, line 766]
Event: 1.494 Thread 0x00000000003b9470 Exception <a 'java/lang/NoSuchMethodError'{0x00000000ebec6bf0}: 'java.lang.Object java.lang.invoke.DirectMethodHandle$Holder.newInvokeSpecial(java.lang.Object, int, java.lang.Object)'> (0x00000000ebec6bf0) 
thrown [e:\jenkins\tmp\workspace\build\src\src\hotspot\share\interpreter\linkResolver.cpp, line 766]
Event: 1.700 Thread 0x00000000003b9470 Exception <a 'java/lang/UnsatisfiedLinkError'{0x00000000ec1bc9f8}: 'void org.eclipse.equinox.launcher.JNIBridge._update_splash()'> (0x00000000ec1bc9f8) 
thrown [e:\jenkins\tmp\workspace\build\src\src\hotspot\share\prims\nativeLookup.cpp, line 543]
Event: 1.709 Thread 0x000000001a15f9b0 Exception <a 'java/lang/NoSuchMethodError'{0x00000000ec27bd50}: 'java.lang.Object java.lang.invoke.Invokers$Holder.linkToTargetMethod(java.lang.Object, java.lang.Object, java.lang.Object, int, java.lang.Object)'> (0x00000000ec27bd50) 
thrown [e:\jenkins\tmp\workspace\build\src\src\hotspot\share\interpreter\linkResolver.cpp, line 766]
Event: 2.073 Thread 0x000000001a15f9b0 Exception <a 'java/io/FileNotFoundException'{0x00000000eaeb4d50}> (0x00000000eaeb4d50) 
thrown [e:\jenkins\tmp\workspace\build\src\src\hotspot\share\prims\jni.cpp, line 516]
Event: 2.474 Thread 0x000000001a15f9b0 Exception <a 'java/lang/NoSuchMethodError'{0x00000000eb320eb8}: 'void java.lang.invoke.DirectMethodHandle$Holder.invokeInterface(java.lang.Object, java.lang.Object, java.lang.Object)'> (0x00000000eb320eb8) 
thrown [e:\jenkins\tmp\workspace\build\src\src\hotspot\share\interpreter\linkResolver.cpp, line 766]
Event: 2.624 Thread 0x000000001a15f9b0 Exception <a 'java/io/FileNotFoundException'{0x00000000eb4f3e30}> (0x00000000eb4f3e30) 
thrown [e:\jenkins\tmp\workspace\build\src\src\hotspot\share\prims\jni.cpp, line 516]
Event: 2.980 Thread 0x000000001a15f9b0 Exception <a 'java/lang/NoSuchMethodError'{0x00000000eb82d7a8}: 'int java.lang.invoke.DirectMethodHandle$Holder.invokeStaticInit(java.lang.Object, java.lang.Object, java.lang.Object)'> (0x00000000eb82d7a8) 
thrown [e:\jenkins\tmp\workspace\build\src\src\hotspot\share\interpreter\linkResolver.cpp, line 766]
Event: 2.994 Thread 0x000000001a15f9b0 Exception <a 'java/lang/IncompatibleClassChangeError'{0x00000000eb863270}: Found class java.lang.Object, but interface was expected> (0x00000000eb863270) 
thrown [e:\jenkins\tmp\workspace\build\src\src\hotspot\share\interpreter\linkResolver.cpp, line 833]
Event: 3.332 Thread 0x000000001a15f9b0 Exception <a 'java/lang/OutOfMemoryError'{0x00000000eac16768}> (0x00000000eac16768) 
thrown [e:\jenkins\tmp\workspace\build\src\src\hotspot\share\prims\jni.cpp, line 535]
Event: 3.345 Thread 0x000000001a15f9b0 Exception <a 'java/lang/OutOfMemoryError'{0x00000000eac5d650}> (0x00000000eac5d650) 
thrown [e:\jenkins\tmp\workspace\build\src\src\hotspot\share\prims\jni.cpp, line 535]

VM Operations (20 events):
Event: 1.078 Executing VM operation: Cleanup
Event: 1.078 Executing VM operation: Cleanup done
Event: 1.456 Executing VM operation: HandshakeAllThreads
Event: 1.456 Executing VM operation: HandshakeAllThreads done
Event: 1.466 Executing VM operation: HandshakeAllThreads
Event: 1.466 Executing VM operation: HandshakeAllThreads done
Event: 1.839 Executing VM operation: ParallelGCFailedAllocation
Event: 1.848 Executing VM operation: ParallelGCFailedAllocation done
Event: 1.863 Executing VM operation: HandshakeAllThreads
Event: 1.863 Executing VM operation: HandshakeAllThreads done
Event: 2.024 Executing VM operation: HandshakeAllThreads
Event: 2.024 Executing VM operation: HandshakeAllThreads done
Event: 2.330 Executing VM operation: HandshakeAllThreads
Event: 2.330 Executing VM operation: HandshakeAllThreads done
Event: 2.441 Executing VM operation: HandshakeAllThreads
Event: 2.441 Executing VM operation: HandshakeAllThreads done
Event: 2.446 Executing VM operation: HandshakeAllThreads
Event: 2.446 Executing VM operation: HandshakeAllThreads done
Event: 3.223 Executing VM operation: CollectForMetadataAllocation
Event: 3.275 Executing VM operation: CollectForMetadataAllocation done

Events (20 events):
Event: 3.098 loading class java/io/InterruptedIOException
Event: 3.098 loading class java/io/InterruptedIOException done
Event: 3.098 loading class java/net/SocketTimeoutException done
Event: 3.099 loading class java/net/SocketException
Event: 3.099 loading class java/net/SocketException done
Event: 3.099 loading class java/net/UnknownHostException
Event: 3.099 loading class java/net/UnknownHostException done
Event: 3.099 loading class java/net/ProtocolException
Event: 3.099 loading class java/net/ProtocolException done
Event: 3.143 Thread 0x000000001c444350 Thread added: 0x000000001c444350
Event: 3.304 loading class java/io/FileWriter
Event: 3.304 loading class java/io/FileWriter done
Event: 3.340 loading class java/lang/StackTraceElement$HashedModules
Event: 3.340 loading class java/lang/StackTraceElement$HashedModules done
Event: 3.345 loading class java/io/PrintWriter
Event: 3.346 loading class java/io/PrintWriter done
Event: 3.346 loading class java/lang/Throwable$WrappedPrintWriter
Event: 3.346 loading class java/lang/Throwable$PrintStreamOrWriter
Event: 3.346 loading class java/lang/Throwable$PrintStreamOrWriter done
Event: 3.346 loading class java/lang/Throwable$WrappedPrintWriter done


Dynamic libraries:
0x000000013fb80000 - 0x000000013fb8e000 	c:\Users\DELL\.vscode\extensions\redhat.java-1.2.0\jre\17.0.1-win32-x86_64\bin\java.exe
0x0000000076de0000 - 0x0000000076f7f000 	C:\Windows\SYSTEM32\ntdll.dll
0x000007feee100000 - 0x000007feee116000 	C:\Program Files\AVAST Software\Avast\aswhook.dll
0x0000000076bc0000 - 0x0000000076ce0000 	C:\Windows\system32\kernel32.dll
0x000007fefcbd0000 - 0x000007fefcc37000 	C:\Windows\system32\KERNELBASE.dll
0x000007feec170000 - 0x000007feec188000 	c:\Users\DELL\.vscode\extensions\redhat.java-1.2.0\jre\17.0.1-win32-x86_64\bin\jli.dll
0x000007fefb350000 - 0x000007fefb545000 	C:\Windows\WinSxS\amd64_microsoft.windows.common-controls_6595b64144ccf1df_6.0.7601.24483_none_e372d88f30fbb845\COMCTL32.dll
0x000007fefccf0000 - 0x000007fefcd8f000 	C:\Windows\system32\msvcrt.dll
0x000007fefde30000 - 0x000007fefde97000 	C:\Windows\system32\GDI32.dll
0x0000000076ce0000 - 0x0000000076ddb000 	C:\Windows\system32\USER32.dll
0x000007fefde20000 - 0x000007fefde2e000 	C:\Windows\system32\LPK.dll
0x000007fefda70000 - 0x000007fefdb3b000 	C:\Windows\system32\USP10.dll
0x000007fefcfc0000 - 0x000007fefd031000 	C:\Windows\system32\SHLWAPI.dll
0x000007feeb3d0000 - 0x000007feeb3e9000 	c:\Users\DELL\.vscode\extensions\redhat.java-1.2.0\jre\17.0.1-win32-x86_64\bin\VCRUNTIME140.dll
0x000007fef2fd0000 - 0x000007fef2fd4000 	c:\Users\DELL\.vscode\extensions\redhat.java-1.2.0\jre\17.0.1-win32-x86_64\bin\api-ms-win-crt-runtime-l1-1-0.dll
0x000007fec76a0000 - 0x000007fec779a000 	c:\Users\DELL\.vscode\extensions\redhat.java-1.2.0\jre\17.0.1-win32-x86_64\bin\ucrtbase.DLL
0x000007fef1c40000 - 0x000007fef1c43000 	c:\Users\DELL\.vscode\extensions\redhat.java-1.2.0\jre\17.0.1-win32-x86_64\bin\api-ms-win-core-localization-l1-2-0.dll
0x000007feef8f0000 - 0x000007feef8f3000 	c:\Users\DELL\.vscode\extensions\redhat.java-1.2.0\jre\17.0.1-win32-x86_64\bin\api-ms-win-core-processthreads-l1-1-1.dll
0x000007feef8c0000 - 0x000007feef8c3000 	c:\Users\DELL\.vscode\extensions\redhat.java-1.2.0\jre\17.0.1-win32-x86_64\bin\api-ms-win-core-file-l1-2-0.dll
0x000007feeed90000 - 0x000007feeed93000 	c:\Users\DELL\.vscode\extensions\redhat.java-1.2.0\jre\17.0.1-win32-x86_64\bin\api-ms-win-core-timezone-l1-1-0.dll
0x000007feeebe0000 - 0x000007feeebe3000 	c:\Users\DELL\.vscode\extensions\redhat.java-1.2.0\jre\17.0.1-win32-x86_64\bin\api-ms-win-core-file-l2-1-0.dll
0x000007feeb190000 - 0x000007feeb193000 	c:\Users\DELL\.vscode\extensions\redhat.java-1.2.0\jre\17.0.1-win32-x86_64\bin\api-ms-win-core-synch-l1-2-0.dll
0x000007fee59c0000 - 0x000007fee59c3000 	c:\Users\DELL\.vscode\extensions\redhat.java-1.2.0\jre\17.0.1-win32-x86_64\bin\api-ms-win-crt-heap-l1-1-0.dll
0x000007fee59b0000 - 0x000007fee59b4000 	c:\Users\DELL\.vscode\extensions\redhat.java-1.2.0\jre\17.0.1-win32-x86_64\bin\api-ms-win-crt-string-l1-1-0.dll
0x000007fee59a0000 - 0x000007fee59a4000 	c:\Users\DELL\.vscode\extensions\redhat.java-1.2.0\jre\17.0.1-win32-x86_64\bin\api-ms-win-crt-stdio-l1-1-0.dll
0x000007fee5990000 - 0x000007fee5994000 	c:\Users\DELL\.vscode\extensions\redhat.java-1.2.0\jre\17.0.1-win32-x86_64\bin\api-ms-win-crt-convert-l1-1-0.dll
0x000007fee5980000 - 0x000007fee5983000 	c:\Users\DELL\.vscode\extensions\redhat.java-1.2.0\jre\17.0.1-win32-x86_64\bin\api-ms-win-crt-environment-l1-1-0.dll
0x000007fee5970000 - 0x000007fee5973000 	c:\Users\DELL\.vscode\extensions\redhat.java-1.2.0\jre\17.0.1-win32-x86_64\bin\api-ms-win-crt-filesystem-l1-1-0.dll
0x000007fedbd70000 - 0x000007fedbd75000 	c:\Users\DELL\.vscode\extensions\redhat.java-1.2.0\jre\17.0.1-win32-x86_64\bin\api-ms-win-crt-math-l1-1-0.dll
0x000007fedbd60000 - 0x000007fedbd63000 	c:\Users\DELL\.vscode\extensions\redhat.java-1.2.0\jre\17.0.1-win32-x86_64\bin\api-ms-win-crt-locale-l1-1-0.dll
0x000007fefe2a0000 - 0x000007fefe2ce000 	C:\Windows\system32\IMM32.DLL
0x000007fefd960000 - 0x000007fefda6b000 	C:\Windows\system32\MSCTF.dll
0x000007fedb7f0000 - 0x000007fedb7fc000 	c:\Users\DELL\.vscode\extensions\redhat.java-1.2.0\jre\17.0.1-win32-x86_64\bin\vcruntime140_1.dll
0x000007fec7d90000 - 0x000007fec7e21000 	c:\Users\DELL\.vscode\extensions\redhat.java-1.2.0\jre\17.0.1-win32-x86_64\bin\msvcp140.dll
0x000007fedb7e0000 - 0x000007fedb7e3000 	c:\Users\DELL\.vscode\extensions\redhat.java-1.2.0\jre\17.0.1-win32-x86_64\bin\api-ms-win-crt-time-l1-1-0.dll
0x000007fedb7d0000 - 0x000007fedb7d3000 	c:\Users\DELL\.vscode\extensions\redhat.java-1.2.0\jre\17.0.1-win32-x86_64\bin\api-ms-win-crt-utility-l1-1-0.dll
0x000007fec6a50000 - 0x000007fec7696000 	c:\Users\DELL\.vscode\extensions\redhat.java-1.2.0\jre\17.0.1-win32-x86_64\bin\server\jvm.dll
0x000007fefe1c0000 - 0x000007fefe29b000 	C:\Windows\system32\ADVAPI32.dll
0x000007fefdea0000 - 0x000007fefdebf000 	C:\Windows\SYSTEM32\sechost.dll
0x000007fefd830000 - 0x000007fefd95c000 	C:\Windows\system32\RPCRT4.dll
0x000007fef76b0000 - 0x000007fef76b9000 	C:\Windows\system32\WSOCK32.dll
0x000007fefd330000 - 0x000007fefd37d000 	C:\Windows\system32\WS2_32.dll
0x000007feff0c0000 - 0x000007feff0c8000 	C:\Windows\system32\NSI.dll
0x000007fef3bb0000 - 0x000007fef3beb000 	C:\Windows\system32\WINMM.dll
0x000007fefb9e0000 - 0x000007fefb9ec000 	C:\Windows\system32\VERSION.dll
0x0000000076f90000 - 0x0000000076f97000 	C:\Windows\system32\PSAPI.DLL
0x000007fedb7c0000 - 0x000007fedb7ca000 	c:\Users\DELL\.vscode\extensions\redhat.java-1.2.0\jre\17.0.1-win32-x86_64\bin\jimage.dll
0x000007fefa400000 - 0x000007fefa525000 	C:\Windows\system32\DBGHELP.DLL
0x000007fed9030000 - 0x000007fed9055000 	c:\Users\DELL\.vscode\extensions\redhat.java-1.2.0\jre\17.0.1-win32-x86_64\bin\java.dll
0x000007fedb7a0000 - 0x000007fedb7b8000 	c:\Users\DELL\.vscode\extensions\redhat.java-1.2.0\jre\17.0.1-win32-x86_64\bin\zip.dll
0x000007fefe330000 - 0x000007feff0bb000 	C:\Windows\system32\SHELL32.dll
0x000007fefdb40000 - 0x000007fefdd3f000 	C:\Windows\system32\ole32.dll
0x000007fefc930000 - 0x000007fefc93f000 	C:\Windows\system32\profapi.dll
0x000007feccab0000 - 0x000007feccac9000 	C:\Users\DELL\.vscode\extensions\redhat.java-1.2.0\jre\17.0.1-win32-x86_64\bin\net.dll
0x000007fef5760000 - 0x000007fef57d1000 	C:\Windows\system32\WINHTTP.dll
0x000007fef56f0000 - 0x000007fef5755000 	C:\Windows\system32\webio.dll
0x000007fefc0b0000 - 0x000007fefc105000 	C:\Windows\system32\mswsock.dll
0x000007fefc0a0000 - 0x000007fefc0a7000 	C:\Windows\System32\wship6.dll
0x000007fecca90000 - 0x000007feccaa5000 	C:\Users\DELL\.vscode\extensions\redhat.java-1.2.0\jre\17.0.1-win32-x86_64\bin\nio.dll
0x000007fefc110000 - 0x000007fefc128000 	C:\Windows\system32\CRYPTSP.dll
0x000007fefbe10000 - 0x000007fefbe57000 	C:\Windows\system32\rsaenh.dll
0x000007fefc970000 - 0x000007fefc98f000 	C:\Windows\system32\USERENV.dll
0x000007fefc7d0000 - 0x000007fefc7df000 	C:\Windows\system32\CRYPTBASE.dll
0x000007fef9b60000 - 0x000007fef9b87000 	C:\Windows\system32\IPHLPAPI.DLL
0x000007fef9b50000 - 0x000007fef9b5b000 	C:\Windows\system32\WINNSI.DLL
0x000007fef7bf0000 - 0x000007fef7c08000 	C:\Windows\system32\dhcpcsvc.DLL
0x000007fef7c10000 - 0x000007fef7c21000 	C:\Windows\system32\dhcpcsvc6.DLL
0x000007feead90000 - 0x000007feeadce000 	C:\Users\DELL\AppData\Roaming\Code\User\globalStorage\redhat.java\1.2.0\config_ss_win\org.eclipse.equinox.launcher\org.eclipse.equinox.launcher.win32.win32.x86_64_1.2.400.v20211117-0650\eclipse_11602.dll

dbghelp: loaded successfully - version: 4.0.5 - missing functions: none
symbol engine: initialized successfully - sym options: 0x614 - pdb path: (cannot be retrieved)

VM Arguments:
jvm_args: --add-modules=ALL-SYSTEM --add-opens=java.base/java.util=ALL-UNNAMED --add-opens=java.base/java.lang=ALL-UNNAMED -Declipse.application=org.eclipse.jdt.ls.core.id1 -Dosgi.bundles.defaultStartLevel=4 -Declipse.product=org.eclipse.jdt.ls.core.product -Djava.import.generatesMetadataFilesAtProjectRoot=false -Dfile.encoding=utf8 -DwatchParentProcess=false -XX:+UseParallelGC -XX:GCTimeRatio=4 -XX:AdaptiveSizePolicyWeight=90 -Dsun.zip.disableMemoryMapping=true -Xmx1G -Xms100m 
java_command: c:\Users\DELL\.vscode\extensions\redhat.java-1.2.0\server\plugins\org.eclipse.equinox.launcher_1.6.400.v20210924-0641.jar -configuration c:\Users\DELL\AppData\Roaming\Code\User\globalStorage\redhat.java\1.2.0\config_ss_win -data c:\Users\DELL\AppData\Roaming\Code\User\workspaceStorage\4cef00c22476a0f5344aade2b7cc0877\redhat.java\ss_ws
java_class_path (initial): c:\Users\DELL\.vscode\extensions\redhat.java-1.2.0\server\plugins\org.eclipse.equinox.launcher_1.6.400.v20210924-0641.jar
Launcher Type: SUN_STANDARD

[Global flags]
    uintx AdaptiveSizePolicyWeight                 = 90                                        {product} {command line}
     intx CICompilerCount                          = 3                                         {product} {ergonomic}
    uintx GCTimeRatio                              = 4                                         {product} {command line}
   size_t InitialHeapSize                          = 104857600                                 {product} {command line}
   size_t MaxHeapSize                              = 1073741824                                {product} {command line}
   size_t MaxNewSize                               = 357564416                                 {product} {ergonomic}
   size_t MinHeapDeltaBytes                        = 524288                                    {product} {ergonomic}
   size_t MinHeapSize                              = 104857600                                 {product} {command line}
   size_t NewSize                                  = 34603008                                  {product} {ergonomic}
    uintx NonNMethodCodeHeapSize                   = 5832780                                {pd product} {ergonomic}
    uintx NonProfiledCodeHeapSize                  = 122912730                              {pd product} {ergonomic}
   size_t OldSize                                  = 70254592                                  {product} {ergonomic}
    uintx ProfiledCodeHeapSize                     = 122912730                              {pd product} {ergonomic}
    uintx ReservedCodeCacheSize                    = 251658240                              {pd product} {ergonomic}
     bool SegmentedCodeCache                       = true                                      {product} {ergonomic}
   size_t SoftMaxHeapSize                          = 1073741824                             {manageable} {ergonomic}
     bool UseCompressedClassPointers               = true                           {product lp64_product} {ergonomic}
     bool UseCompressedOops                        = true                           {product lp64_product} {ergonomic}
     bool UseLargePagesIndividualAllocation        = false                                  {pd product} {ergonomic}
     bool UseParallelGC                            = true                                      {product} {command line}

Logging:
Log output configuration:
 #0: stdout all=warning uptime,level,tags
 #1: stderr all=off uptime,level,tags

Environment Variables:
JAVA_HOME=C:\Users\DELL\AppData\Local\Programs\Eclipse Foundation\jdk-11.0.12.7-hotspot\
PATH=C:\Program Files (x86)\Common Files\Intel\Shared Files\cpp\bin\Intel64;C:\Program Files\Common Files\Oracle\Java\javapath;C:\Program Files (x86)\Common Files\Oracle\Java\javapath;C:\Windows\system32;C:\Windows;C:\Windows\System32\Wbem;C:\Windows\System32\WindowsPowerShell\v1.0\;C:\Program Files\Git\cmd;C:\Program Files\nodejs\;C:\Users\DELL\AppData\Local\Programs\Eclipse Foundation\jdk-11.0.12.7-hotspot\bin;C:\Users\DELL\AppData\Roaming\npm;C:\Users\DELL\AppData\Local\Programs\Microsoft VS Code\bin
USERNAME=DELL
OS=Windows_NT
PROCESSOR_IDENTIFIER=Intel64 Family 6 Model 37 Stepping 5, GenuineIntel



---------------  S Y S T E M  ---------------

OS:
 Windows 7 , 64 bit Build 7601 (6.1.7601.24556)
OS uptime: 0 days 6:59 hours

CPU: total 4 (initial active 4) (2 cores per cpu, 2 threads per core) family 6 model 37 stepping 5 microcode 0x0, cx8, cmov, fxsr, ht, mmx, sse, sse2, sse3, ssse3, sse4.1, sse4.2, popcnt, tsc, tscinvbit, aes, clmul, clflush

Memory: 4k page, system-wide physical 8117M (2522M free)
TotalPageFile size 8115M (AvailPageFile size 17M)
current process WorkingSet (physical memory assigned to process): 106M, peak: 106M
current process commit charge ("private bytes"): 208M, peak: 208M

vm_info: OpenJDK 64-Bit Server VM (17.0.1+12) for windows-amd64 JRE (17.0.1+12), built on Oct 20 2021 07:42:55 by "" with MS VC++ 16.7 (VS2019)

END.
