#
# There is insufficient memory for the Java Runtime Environment to continue.
# Native memory allocation (malloc) failed to allocate 131088 bytes for Chunk::new
# Possible reasons:
#   The system is out of physical RAM or swap space
#   The process is running with CompressedOops enabled, and the Java Heap may be blocking the growth of the native heap
# Possible solutions:
#   Reduce memory load on the system
#   Increase physical memory or swap space
#   Check if swap backing store is full
#   Decrease Java heap size (-Xmx/-Xms)
#   Decrease number of Java threads
#   Decrease Java thread stack sizes (-Xss)
#   Set larger code cache with -XX:ReservedCodeCacheSize=
#   JVM is running with Unscaled Compressed Oops mode in which the Java heap is
#     placed in the first 4GB address space. The Java Heap base address is the
#     maximum limit for the native heap growth. Please use -XX:HeapBaseMinAddress
#     to set the Java Heap base and to place the Java Heap above 4GB virtual address.
# This output file may be truncated or incomplete.
#
#  Out of Memory Error (arena.cpp:189), pid=2716, tid=6960
#
# JRE version: OpenJDK Runtime Environment Temurin-17.0.1+12 (17.0.1+12) (build 17.0.1+12)
# Java VM: OpenJDK 64-Bit Server VM Temurin-17.0.1+12 (17.0.1+12, mixed mode, tiered, compressed oops, compressed class ptrs, parallel gc, windows-amd64)
# No core dump will be written. Minidumps are not enabled by default on client versions of Windows
#

---------------  S U M M A R Y ------------

Command Line: --add-modules=ALL-SYSTEM --add-opens=java.base/java.util=ALL-UNNAMED --add-opens=java.base/java.lang=ALL-UNNAMED -Declipse.application=org.eclipse.jdt.ls.core.id1 -Dosgi.bundles.defaultStartLevel=4 -Declipse.product=org.eclipse.jdt.ls.core.product -Djava.import.generatesMetadataFilesAtProjectRoot=false -Dfile.encoding=utf8 -DwatchParentProcess=false -XX:+UseParallelGC -XX:GCTimeRatio=4 -XX:AdaptiveSizePolicyWeight=90 -Dsun.zip.disableMemoryMapping=true -Xmx1G -Xms100m -XX:+HeapDumpOnOutOfMemoryError -XX:HeapDumpPath=c:\Users\DELL\AppData\Roaming\Code\User\workspaceStorage\4cef00c22476a0f5344aade2b7cc0877\redhat.java c:\Users\DELL\.vscode\extensions\redhat.java-1.2.0\server\plugins\org.eclipse.equinox.launcher_1.6.400.v20210924-0641.jar -configuration c:\Users\DELL\AppData\Roaming\Code\User\globalStorage\redhat.java\1.2.0\config_win -data c:\Users\DELL\AppData\Roaming\Code\User\workspaceStorage\4cef00c22476a0f5344aade2b7cc0877\redhat.java\jdt_ws

Host: Intel(R) Core(TM) i5 CPU       M 560  @ 2.67GHz, 4 cores, 7G,  Windows 7 , 64 bit Build 7601 (6.1.7601.24556)
Time: Tue Dec 28 19:39:14 2021 SE Asia Standard Time elapsed time: 13.029405 seconds (0d 0h 0m 13s)

---------------  T H R E A D  ---------------

Current thread (0x0000000016d78d60):  JavaThread "C2 CompilerThread0" daemon [_thread_in_native, id=6960, stack(0x0000000019350000,0x0000000019450000)]


Current CompileTask:
C2:  13029 4850       4       org.eclipse.jdt.internal.compiler.lookup.BinaryTypeBinding::createMethod (1687 bytes)

Stack: [0x0000000019350000,0x0000000019450000]
Native frames: (J=compiled Java code, j=interpreted, Vv=VM code, C=native code)
V  [jvm.dll+0x6744da]
V  [jvm.dll+0x82e144]
V  [jvm.dll+0x82f8ee]
V  [jvm.dll+0x82ff53]
V  [jvm.dll+0x245175]
V  [jvm.dll+0xab85b]
V  [jvm.dll+0xabdec]
V  [jvm.dll+0xab96b]
V  [jvm.dll+0x651e0c]
V  [jvm.dll+0x58797a]
V  [jvm.dll+0x571846]
V  [jvm.dll+0x574be5]
V  [jvm.dll+0x57441d]
V  [jvm.dll+0x574489]
V  [jvm.dll+0x574489]
V  [jvm.dll+0x574300]
V  [jvm.dll+0x574489]
V  [jvm.dll+0x574489]
V  [jvm.dll+0x574489]
V  [jvm.dll+0x574489]
V  [jvm.dll+0x574489]
V  [jvm.dll+0x574489]
V  [jvm.dll+0x574489]
V  [jvm.dll+0x574489]
V  [jvm.dll+0x574489]
V  [jvm.dll+0x574489]
V  [jvm.dll+0x574489]
V  [jvm.dll+0x574300]
V  [jvm.dll+0x574489]
V  [jvm.dll+0x574489]
V  [jvm.dll+0x574489]
V  [jvm.dll+0x574489]
V  [jvm.dll+0x574489]
V  [jvm.dll+0x574489]
V  [jvm.dll+0x574489]
V  [jvm.dll+0x574489]
V  [jvm.dll+0x57c0fd]
V  [jvm.dll+0x22022d]
V  [jvm.dll+0x22060f]
V  [jvm.dll+0x219e6a]
V  [jvm.dll+0x217345]
V  [jvm.dll+0x1a355d]
V  [jvm.dll+0x226e38]
V  [jvm.dll+0x224f7c]
V  [jvm.dll+0x7e3f5b]
V  [jvm.dll+0x7de51a]
V  [jvm.dll+0x673305]
C  [ucrtbase.DLL+0x1c1ae]
C  [kernel32.dll+0x155dd]
C  [ntdll.dll+0x52b1d]


---------------  P R O C E S S  ---------------

Threads class SMR info:
_java_thread_list=0x000000001c615f80, length=30, elements={
0x00000000001f9b00, 0x0000000016d3cb60, 0x0000000016d3e9a0, 0x0000000016d6d5b0,
0x0000000016d6f130, 0x0000000016d6fcb0, 0x0000000016d77470, 0x0000000016d78d60,
0x0000000016d7de90, 0x0000000016dcf250, 0x00000000197c9dd0, 0x00000000198a2770,
0x000000001a5330f0, 0x000000001a37a870, 0x000000001a5c7a90, 0x000000001a644f10,
0x000000001a878800, 0x000000001bdf7fb0, 0x000000001bd51f10, 0x000000001bd523e0,
0x000000001bd528b0, 0x000000001c4b5ef0, 0x000000001bd52d80, 0x000000001bd53250,
0x000000001bd53720, 0x000000001bd53bf0, 0x000000001bd540c0, 0x000000001bd54590,
0x000000001bd54a60, 0x000000001bd55400
}

Java Threads: ( => current thread )
  0x00000000001f9b00 JavaThread "main" [_thread_blocked, id=5800, stack(0x0000000002150000,0x0000000002250000)]
  0x0000000016d3cb60 JavaThread "Reference Handler" daemon [_thread_blocked, id=8412, stack(0x0000000018880000,0x0000000018980000)]
  0x0000000016d3e9a0 JavaThread "Finalizer" daemon [_thread_blocked, id=9300, stack(0x0000000018a70000,0x0000000018b70000)]
  0x0000000016d6d5b0 JavaThread "Signal Dispatcher" daemon [_thread_blocked, id=9008, stack(0x0000000018c30000,0x0000000018d30000)]
  0x0000000016d6f130 JavaThread "Attach Listener" daemon [_thread_blocked, id=9304, stack(0x0000000018d80000,0x0000000018e80000)]
  0x0000000016d6fcb0 JavaThread "Service Thread" daemon [_thread_blocked, id=10120, stack(0x0000000018ee0000,0x0000000018fe0000)]
  0x0000000016d77470 JavaThread "Monitor Deflation Thread" daemon [_thread_blocked, id=6404, stack(0x0000000019180000,0x0000000019280000)]
=>0x0000000016d78d60 JavaThread "C2 CompilerThread0" daemon [_thread_in_native, id=6960, stack(0x0000000019350000,0x0000000019450000)]
  0x0000000016d7de90 JavaThread "C1 CompilerThread0" daemon [_thread_in_native, id=9156, stack(0x0000000019470000,0x0000000019570000)]
  0x0000000016dcf250 JavaThread "Sweeper thread" daemon [_thread_blocked, id=10168, stack(0x0000000019650000,0x0000000019750000)]
  0x00000000197c9dd0 JavaThread "Common-Cleaner" daemon [_thread_blocked, id=8024, stack(0x0000000019c30000,0x0000000019d30000)]
  0x00000000198a2770 JavaThread "Notification Thread" daemon [_thread_blocked, id=6896, stack(0x0000000019dc0000,0x0000000019ec0000)]
  0x000000001a5330f0 JavaThread "Active Thread: Equinox Container: 94ab59df-06ed-4a65-b1bc-87dbd4823e22" [_thread_blocked, id=8480, stack(0x000000001a920000,0x000000001aa20000)]
  0x000000001a37a870 JavaThread "Framework Event Dispatcher: Equinox Container: 94ab59df-06ed-4a65-b1bc-87dbd4823e22" daemon [_thread_blocked, id=1472, stack(0x000000001b730000,0x000000001b830000)]
  0x000000001a5c7a90 JavaThread "Start Level: Equinox Container: 94ab59df-06ed-4a65-b1bc-87dbd4823e22" daemon [_thread_blocked, id=9212, stack(0x0000000019ec0000,0x0000000019fc0000)]
  0x000000001a644f10 JavaThread "SCR Component Actor" daemon [_thread_blocked, id=6844, stack(0x000000001b470000,0x000000001b570000)]
  0x000000001a878800 JavaThread "Worker-JM" [_thread_blocked, id=9712, stack(0x000000001ccc0000,0x000000001cdc0000)]
  0x000000001bdf7fb0 JavaThread "Worker-0: Building" [_thread_blocked, id=6768, stack(0x000000001ce00000,0x000000001cf00000)]
  0x000000001bd51f10 JavaThread "Worker-1: Initialize workspace" [_thread_blocked, id=2092, stack(0x000000001d8c0000,0x000000001d9c0000)]
  0x000000001bd523e0 JavaThread "Java indexing" daemon [_thread_blocked, id=8100, stack(0x000000001da30000,0x000000001db30000)]
  0x000000001bd528b0 JavaThread "Worker-2" [_thread_blocked, id=9992, stack(0x000000001e540000,0x000000001e640000)]
  0x000000001c4b5ef0 JavaThread "C2 CompilerThread1" daemon [_thread_in_native, id=8332, stack(0x000000001eae0000,0x000000001ebe0000)]
  0x000000001bd52d80 JavaThread "pool-2-thread-1" [_thread_in_native, id=10104, stack(0x000000001ed00000,0x000000001ee00000)]
  0x000000001bd53250 JavaThread "Worker-3" [_thread_blocked, id=4944, stack(0x000000001b570000,0x000000001b670000)]
  0x000000001bd53720 JavaThread "Worker-4" [_thread_blocked, id=7540, stack(0x00000000217d0000,0x00000000218d0000)]
  0x000000001bd53bf0 JavaThread "ForkJoinPool.commonPool-worker-1" daemon [_thread_blocked, id=1148, stack(0x000000001e9a0000,0x000000001eaa0000)]
  0x000000001bd540c0 JavaThread "ForkJoinPool.commonPool-worker-2" daemon [_thread_blocked, id=6904, stack(0x00000000218e0000,0x00000000219e0000)]
  0x000000001bd54590 JavaThread "ForkJoinPool.commonPool-worker-3" daemon [_thread_blocked, id=7876, stack(0x0000000021a20000,0x0000000021b20000)]
  0x000000001bd54a60 JavaThread "Thread-2" daemon [_thread_in_vm, id=1936, stack(0x000000001ebf0000,0x000000001ecf0000)]
  0x000000001bd55400 JavaThread "Compiler Processing Task" daemon [_thread_in_Java, id=5988, stack(0x0000000021c50000,0x0000000021d50000)]

Other Threads:
  0x0000000016d288c0 VMThread "VM Thread" [stack: 0x0000000018760000,0x0000000018860000] [id=8096]
  0x00000000198ae1d0 WatcherThread [stack: 0x0000000019fc0000,0x000000001a0c0000] [id=4448]
  0x000000000021a880 GCTaskThread "GC Thread#0" [stack: 0x0000000014700000,0x0000000014800000] [id=9504]
  0x0000000019a19200 GCTaskThread "GC Thread#1" [stack: 0x000000001b900000,0x000000001ba00000] [id=2372]
  0x000000001a5d0340 GCTaskThread "GC Thread#2" [stack: 0x000000001ba60000,0x000000001bb60000] [id=3924]
  0x000000001a5d05f0 GCTaskThread "GC Thread#3" [stack: 0x000000001bba0000,0x000000001bca0000] [id=7196]

Threads with active compile tasks:
C2 CompilerThread0    13132 4850       4       org.eclipse.jdt.internal.compiler.lookup.BinaryTypeBinding::createMethod (1687 bytes)
C1 CompilerThread0    13132 5255       2       org.eclipse.jdt.internal.compiler.lookup.Scope::findField (879 bytes)
C2 CompilerThread1    13132 5104       4       org.eclipse.jdt.internal.core.JarPackageFragmentRoot::initRawPackageInfo (349 bytes)

VM state: not at safepoint (normal execution)

VM Mutex/Monitor currently owned by a thread: None

Heap address: 0x00000000c0000000, size: 1024 MB, Compressed Oops mode: 32-bit

CDS archive(s) not mapped
Compressed class space mapped at: 0x0000000140000000-0x0000000180000000, reserved size: 1073741824
Narrow klass base: 0x0000000000000000, Narrow klass shift: 3, Narrow klass range: 0x180000000

GC Precious Log:
 CPUs: 4 total, 4 available
 Memory: 8117M
 Large Page Support: Disabled
 NUMA Support: Disabled
 Compressed Oops: Enabled (32-bit)
 Alignments: Space 512K, Generation 512K, Heap 2M
 Heap Min Capacity: 100M
 Heap Initial Capacity: 100M
 Heap Max Capacity: 1G
 Pre-touch: Disabled
 Parallel Workers: 4

Heap:
 PSYoungGen      total 22528K, used 9418K [0x00000000eab00000, 0x00000000ec400000, 0x0000000100000000)
  eden space 20992K, 38% used [0x00000000eab00000,0x00000000eb2d2e48,0x00000000ebf80000)
  from space 1536K, 91% used [0x00000000ec280000,0x00000000ec3dfd50,0x00000000ec400000)
  to   space 1536K, 0% used [0x00000000ec100000,0x00000000ec100000,0x00000000ec280000)
 ParOldGen       total 68608K, used 28637K [0x00000000c0000000, 0x00000000c4300000, 0x00000000eab00000)
  object space 68608K, 41% used [0x00000000c0000000,0x00000000c1bf76a8,0x00000000c4300000)
 Metaspace       used 53232K, committed 54080K, reserved 1097728K
  class space    used 5786K, committed 6144K, reserved 1048576K

Card table byte_map: [0x0000000014400000,0x0000000014610000] _byte_map_base: 0x0000000013e00000

Marking Bits: (ParMarkBitMap*) 0x000007fec7de2a60
 Begin Bits: [0x0000000014960000, 0x0000000015960000)
 End Bits:   [0x0000000015960000, 0x0000000016960000)

Polling page: 0x0000000000340000

Metaspace:

Usage:
  Non-class:     46.33 MB used.
      Class:      5.65 MB used.
       Both:     51.99 MB used.

Virtual space:
  Non-class space:       48.00 MB reserved,      46.81 MB ( 98%) committed,  6 nodes.
      Class space:        1.00 GB reserved,       6.00 MB ( <1%) committed,  1 nodes.
             Both:        1.05 GB reserved,      52.81 MB (  5%) committed. 

Chunk freelists:
   Non-Class:  784.00 KB
       Class:  1.84 MB
        Both:  2.61 MB

MaxMetaspaceSize: unlimited
CompressedClassSpaceSize: 1.00 GB
Initial GC threshold: 21.00 MB
Current GC threshold: 58.38 MB
CDS: off
MetaspaceReclaimPolicy: balanced
 - commit_granule_bytes: 65536.
 - commit_granule_words: 8192.
 - virtual_space_node_default_size: 1048576.
 - enlarge_chunks_in_place: 1.
 - new_chunks_are_fully_committed: 0.
 - uncommit_free_chunks: 1.
 - use_allocation_guard: 0.
 - handle_deallocations: 1.


Internal statistics:

num_allocs_failed_limit: 6.
num_arena_births: 336.
num_arena_deaths: 0.
num_vsnodes_births: 7.
num_vsnodes_deaths: 0.
num_space_committed: 845.
num_space_uncommitted: 0.
num_chunks_returned_to_freelist: 6.
num_chunks_taken_from_freelist: 2279.
num_chunk_merges: 3.
num_chunk_splits: 1491.
num_chunks_enlarged: 966.
num_purges: 0.
num_inconsistent_stats: 0.

CodeHeap 'non-profiled nmethods': size=120000Kb used=2155Kb max_used=2155Kb free=117844Kb
 bounds [0x000000000cde0000, 0x000000000d050000, 0x0000000014310000]
CodeHeap 'profiled nmethods': size=120000Kb used=10646Kb max_used=10646Kb free=109353Kb
 bounds [0x00000000058b0000, 0x0000000006320000, 0x000000000cde0000]
CodeHeap 'non-nmethods': size=5760Kb used=1293Kb max_used=1340Kb free=4466Kb
 bounds [0x0000000005310000, 0x0000000005580000, 0x00000000058b0000]
 total_blobs=5825 nmethods=5199 adapters=540
 compilation: enabled
              stopped_count=0, restarted_count=0
 full_count=0

Compilation events (20 events):
Event: 13.013 Thread 0x0000000016d7de90 nmethod 5143 0x00000000062db690 code [0x00000000062db9c0, 0x00000000062dcef8]
Event: 13.013 Thread 0x0000000016d7de90 5145       3       org.eclipse.jdt.internal.core.builder.ClasspathJrt$$Lambda$293/0x0000000140586a48::apply (8 bytes)
Event: 13.013 Thread 0x0000000016d7de90 nmethod 5145 0x00000000062dd790 code [0x00000000062dd940, 0x00000000062ddb98]
Event: 13.013 Thread 0x0000000016d7de90 5144       3       org.eclipse.jdt.internal.core.JavaProject::getOption (13 bytes)
Event: 13.014 Thread 0x0000000016d7de90 nmethod 5144 0x00000000062ddc90 code [0x00000000062dde40, 0x00000000062de0d8]
Event: 13.015 Thread 0x0000000016d7de90 5146       3       org.eclipse.core.internal.resources.MarkerManager$$Lambda$297/0x0000000140580c00::visitElement (19 bytes)
Event: 13.016 Thread 0x0000000016d7de90 nmethod 5146 0x00000000062de210 code [0x00000000062de3c0, 0x00000000062de528]
Event: 13.016 Thread 0x0000000016d7de90 5147       3       org.eclipse.core.internal.resources.MarkerManager::lambda$2 (26 bytes)
Event: 13.016 Thread 0x0000000016d7de90 nmethod 5147 0x00000000062de610 code [0x00000000062de7c0, 0x00000000062dea68]
Event: 13.016 Thread 0x0000000016d7de90 5148       3       org.eclipse.core.internal.dtree.DeltaDataTree::searchNodeAt (120 bytes)
Event: 13.017 Thread 0x0000000016d7de90 nmethod 5148 0x00000000062deb90 code [0x00000000062dedc0, 0x00000000062df798]
Event: 13.017 Thread 0x0000000016d7de90 5149       3       org.eclipse.core.internal.dtree.DeltaDataTree::safeCopyCompleteSubtree (30 bytes)
Event: 13.018 Thread 0x0000000016d7de90 nmethod 5149 0x00000000062dfb90 code [0x00000000062dfd80, 0x00000000062e0178]
Event: 13.018 Thread 0x0000000016d7de90 5150       3       org.eclipse.core.internal.dtree.DataTreeNode::copy (69 bytes)
Event: 13.018 Thread 0x0000000016d7de90 nmethod 5150 0x00000000062e0290 code [0x00000000062e0480, 0x00000000062e0988]
Event: 13.023 Thread 0x0000000016d7de90 5152   !   3       sun.nio.fs.WindowsFileAttributes::get (236 bytes)
Event: 13.026 Thread 0x0000000016d7de90 nmethod 5152 0x00000000062e0b90 code [0x00000000062e0fe0, 0x00000000062e2a68]
Event: 13.026 Thread 0x0000000016d7de90 5156       3       java.nio.charset.CharsetDecoder::implFlush (4 bytes)
Event: 13.026 Thread 0x0000000016d7de90 nmethod 5156 0x00000000062e3890 code [0x00000000062e3a20, 0x00000000062e3b38]
Event: 13.026 Thread 0x0000000016d7de90 5153   !   3       sun.nio.fs.WindowsNativeDispatcher::GetFileAttributesEx (30 bytes)

GC Heap History (20 events):
Event: 9.563 GC heap before
{Heap before GC invocations=7 (full 2):
 PSYoungGen      total 29696K, used 25600K [0x00000000eab00000, 0x00000000ecc00000, 0x0000000100000000)
  eden space 25600K, 100% used [0x00000000eab00000,0x00000000ec400000,0x00000000ec400000)
  from space 4096K, 0% used [0x00000000ec800000,0x00000000ec800000,0x00000000ecc00000)
  to   space 4096K, 0% used [0x00000000ec400000,0x00000000ec400000,0x00000000ec800000)
 ParOldGen       total 68608K, used 11358K [0x00000000c0000000, 0x00000000c4300000, 0x00000000eab00000)
  object space 68608K, 16% used [0x00000000c0000000,0x00000000c0b17a28,0x00000000c4300000)
 Metaspace       used 39143K, committed 39808K, reserved 1089536K
  class space    used 4232K, committed 4544K, reserved 1048576K
}
Event: 9.567 GC heap after
{Heap after GC invocations=7 (full 2):
 PSYoungGen      total 27648K, used 2512K [0x00000000eab00000, 0x00000000eca80000, 0x0000000100000000)
  eden space 25088K, 0% used [0x00000000eab00000,0x00000000eab00000,0x00000000ec380000)
  from space 2560K, 98% used [0x00000000ec400000,0x00000000ec674020,0x00000000ec680000)
  to   space 3584K, 0% used [0x00000000ec700000,0x00000000ec700000,0x00000000eca80000)
 ParOldGen       total 68608K, used 11366K [0x00000000c0000000, 0x00000000c4300000, 0x00000000eab00000)
  object space 68608K, 16% used [0x00000000c0000000,0x00000000c0b19a28,0x00000000c4300000)
 Metaspace       used 39143K, committed 39808K, reserved 1089536K
  class space    used 4232K, committed 4544K, reserved 1048576K
}
Event: 9.980 GC heap before
{Heap before GC invocations=8 (full 2):
 PSYoungGen      total 27648K, used 27600K [0x00000000eab00000, 0x00000000eca80000, 0x0000000100000000)
  eden space 25088K, 100% used [0x00000000eab00000,0x00000000ec380000,0x00000000ec380000)
  from space 2560K, 98% used [0x00000000ec400000,0x00000000ec674020,0x00000000ec680000)
  to   space 3584K, 0% used [0x00000000ec700000,0x00000000ec700000,0x00000000eca80000)
 ParOldGen       total 68608K, used 11366K [0x00000000c0000000, 0x00000000c4300000, 0x00000000eab00000)
  object space 68608K, 16% used [0x00000000c0000000,0x00000000c0b19a28,0x00000000c4300000)
 Metaspace       used 40854K, committed 41536K, reserved 1089536K
  class space    used 4454K, committed 4736K, reserved 1048576K
}
Event: 9.990 GC heap after
{Heap after GC invocations=8 (full 2):
 PSYoungGen      total 27136K, used 3579K [0x00000000eab00000, 0x00000000ecd00000, 0x0000000100000000)
  eden space 23552K, 0% used [0x00000000eab00000,0x00000000eab00000,0x00000000ec200000)
  from space 3584K, 99% used [0x00000000ec700000,0x00000000eca7ee10,0x00000000eca80000)
  to   space 5120K, 0% used [0x00000000ec200000,0x00000000ec200000,0x00000000ec700000)
 ParOldGen       total 68608K, used 12107K [0x00000000c0000000, 0x00000000c4300000, 0x00000000eab00000)
  object space 68608K, 17% used [0x00000000c0000000,0x00000000c0bd2d80,0x00000000c4300000)
 Metaspace       used 40854K, committed 41536K, reserved 1089536K
  class space    used 4454K, committed 4736K, reserved 1048576K
}
Event: 10.224 GC heap before
{Heap before GC invocations=9 (full 2):
 PSYoungGen      total 27136K, used 27131K [0x00000000eab00000, 0x00000000ecd00000, 0x0000000100000000)
  eden space 23552K, 100% used [0x00000000eab00000,0x00000000ec200000,0x00000000ec200000)
  from space 3584K, 99% used [0x00000000ec700000,0x00000000eca7ee10,0x00000000eca80000)
  to   space 5120K, 0% used [0x00000000ec200000,0x00000000ec200000,0x00000000ec700000)
 ParOldGen       total 68608K, used 12107K [0x00000000c0000000, 0x00000000c4300000, 0x00000000eab00000)
  object space 68608K, 17% used [0x00000000c0000000,0x00000000c0bd2d80,0x00000000c4300000)
 Metaspace       used 42035K, committed 42752K, reserved 1089536K
  class space    used 4593K, committed 4928K, reserved 1048576K
}
Event: 10.231 GC heap after
{Heap after GC invocations=9 (full 2):
 PSYoungGen      total 28160K, used 5099K [0x00000000eab00000, 0x00000000ecd80000, 0x0000000100000000)
  eden space 23040K, 0% used [0x00000000eab00000,0x00000000eab00000,0x00000000ec180000)
  from space 5120K, 99% used [0x00000000ec200000,0x00000000ec6fae20,0x00000000ec700000)
  to   space 6144K, 0% used [0x00000000ec780000,0x00000000ec780000,0x00000000ecd80000)
 ParOldGen       total 68608K, used 12459K [0x00000000c0000000, 0x00000000c4300000, 0x00000000eab00000)
  object space 68608K, 18% used [0x00000000c0000000,0x00000000c0c2ad80,0x00000000c4300000)
 Metaspace       used 42035K, committed 42752K, reserved 1089536K
  class space    used 4593K, committed 4928K, reserved 1048576K
}
Event: 10.375 GC heap before
{Heap before GC invocations=10 (full 2):
 PSYoungGen      total 28160K, used 28139K [0x00000000eab00000, 0x00000000ecd80000, 0x0000000100000000)
  eden space 23040K, 100% used [0x00000000eab00000,0x00000000ec180000,0x00000000ec180000)
  from space 5120K, 99% used [0x00000000ec200000,0x00000000ec6fae20,0x00000000ec700000)
  to   space 6144K, 0% used [0x00000000ec780000,0x00000000ec780000,0x00000000ecd80000)
 ParOldGen       total 68608K, used 12459K [0x00000000c0000000, 0x00000000c4300000, 0x00000000eab00000)
  object space 68608K, 18% used [0x00000000c0000000,0x00000000c0c2ad80,0x00000000c4300000)
 Metaspace       used 42492K, committed 43200K, reserved 1089536K
  class space    used 4664K, committed 4992K, reserved 1048576K
}
Event: 10.388 GC heap after
{Heap after GC invocations=10 (full 2):
 PSYoungGen      total 27136K, used 6139K [0x00000000eab00000, 0x00000000ed100000, 0x0000000100000000)
  eden space 20992K, 0% used [0x00000000eab00000,0x00000000eab00000,0x00000000ebf80000)
  from space 6144K, 99% used [0x00000000ec780000,0x00000000ecd7ee20,0x00000000ecd80000)
  to   space 8192K, 0% used [0x00000000ebf80000,0x00000000ebf80000,0x00000000ec780000)
 ParOldGen       total 68608K, used 13835K [0x00000000c0000000, 0x00000000c4300000, 0x00000000eab00000)
  object space 68608K, 20% used [0x00000000c0000000,0x00000000c0d82da0,0x00000000c4300000)
 Metaspace       used 42492K, committed 43200K, reserved 1089536K
  class space    used 4664K, committed 4992K, reserved 1048576K
}
Event: 10.479 GC heap before
{Heap before GC invocations=11 (full 2):
 PSYoungGen      total 27136K, used 27131K [0x00000000eab00000, 0x00000000ed100000, 0x0000000100000000)
  eden space 20992K, 100% used [0x00000000eab00000,0x00000000ebf80000,0x00000000ebf80000)
  from space 6144K, 99% used [0x00000000ec780000,0x00000000ecd7ee20,0x00000000ecd80000)
  to   space 8192K, 0% used [0x00000000ebf80000,0x00000000ebf80000,0x00000000ec780000)
 ParOldGen       total 68608K, used 13835K [0x00000000c0000000, 0x00000000c4300000, 0x00000000eab00000)
  object space 68608K, 20% used [0x00000000c0000000,0x00000000c0d82da0,0x00000000c4300000)
 Metaspace       used 42855K, committed 43520K, reserved 1089536K
  class space    used 4721K, committed 5056K, reserved 1048576K
}
Event: 10.489 GC heap after
{Heap after GC invocations=11 (full 2):
 PSYoungGen      total 27136K, used 5696K [0x00000000eab00000, 0x00000000ecc80000, 0x0000000100000000)
  eden space 20992K, 0% used [0x00000000eab00000,0x00000000eab00000,0x00000000ebf80000)
  from space 6144K, 92% used [0x00000000ebf80000,0x00000000ec510020,0x00000000ec580000)
  to   space 6656K, 0% used [0x00000000ec600000,0x00000000ec600000,0x00000000ecc80000)
 ParOldGen       total 68608K, used 16129K [0x00000000c0000000, 0x00000000c4300000, 0x00000000eab00000)
  object space 68608K, 23% used [0x00000000c0000000,0x00000000c0fc04e8,0x00000000c4300000)
 Metaspace       used 42855K, committed 43520K, reserved 1089536K
  class space    used 4721K, committed 5056K, reserved 1048576K
}
Event: 10.592 GC heap before
{Heap before GC invocations=12 (full 2):
 PSYoungGen      total 27136K, used 26688K [0x00000000eab00000, 0x00000000ecc80000, 0x0000000100000000)
  eden space 20992K, 100% used [0x00000000eab00000,0x00000000ebf80000,0x00000000ebf80000)
  from space 6144K, 92% used [0x00000000ebf80000,0x00000000ec510020,0x00000000ec580000)
  to   space 6656K, 0% used [0x00000000ec600000,0x00000000ec600000,0x00000000ecc80000)
 ParOldGen       total 68608K, used 16129K [0x00000000c0000000, 0x00000000c4300000, 0x00000000eab00000)
  object space 68608K, 23% used [0x00000000c0000000,0x00000000c0fc04e8,0x00000000c4300000)
 Metaspace       used 43020K, committed 43712K, reserved 1089536K
  class space    used 4744K, committed 5056K, reserved 1048576K
}
Event: 10.600 GC heap after
{Heap after GC invocations=12 (full 2):
 PSYoungGen      total 25088K, used 3808K [0x00000000eab00000, 0x00000000eca00000, 0x0000000100000000)
  eden space 20992K, 0% used [0x00000000eab00000,0x00000000eab00000,0x00000000ebf80000)
  from space 4096K, 92% used [0x00000000ec600000,0x00000000ec9b8000,0x00000000eca00000)
  to   space 5120K, 0% used [0x00000000ec000000,0x00000000ec000000,0x00000000ec500000)
 ParOldGen       total 68608K, used 20012K [0x00000000c0000000, 0x00000000c4300000, 0x00000000eab00000)
  object space 68608K, 29% used [0x00000000c0000000,0x00000000c138b318,0x00000000c4300000)
 Metaspace       used 43020K, committed 43712K, reserved 1089536K
  class space    used 4744K, committed 5056K, reserved 1048576K
}
Event: 10.695 GC heap before
{Heap before GC invocations=13 (full 2):
 PSYoungGen      total 25088K, used 24800K [0x00000000eab00000, 0x00000000eca00000, 0x0000000100000000)
  eden space 20992K, 100% used [0x00000000eab00000,0x00000000ebf80000,0x00000000ebf80000)
  from space 4096K, 92% used [0x00000000ec600000,0x00000000ec9b8000,0x00000000eca00000)
  to   space 5120K, 0% used [0x00000000ec000000,0x00000000ec000000,0x00000000ec500000)
 ParOldGen       total 68608K, used 20012K [0x00000000c0000000, 0x00000000c4300000, 0x00000000eab00000)
  object space 68608K, 29% used [0x00000000c0000000,0x00000000c138b318,0x00000000c4300000)
 Metaspace       used 43332K, committed 44096K, reserved 1089536K
  class space    used 4791K, committed 5120K, reserved 1048576K
}
Event: 10.705 GC heap after
{Heap after GC invocations=13 (full 2):
 PSYoungGen      total 23040K, used 1920K [0x00000000eab00000, 0x00000000ec680000, 0x0000000100000000)
  eden space 20992K, 0% used [0x00000000eab00000,0x00000000eab00000,0x00000000ebf80000)
  from space 2048K, 93% used [0x00000000ec000000,0x00000000ec1e0010,0x00000000ec200000)
  to   space 3072K, 0% used [0x00000000ec380000,0x00000000ec380000,0x00000000ec680000)
 ParOldGen       total 68608K, used 23748K [0x00000000c0000000, 0x00000000c4300000, 0x00000000eab00000)
  object space 68608K, 34% used [0x00000000c0000000,0x00000000c1731018,0x00000000c4300000)
 Metaspace       used 43332K, committed 44096K, reserved 1089536K
  class space    used 4791K, committed 5120K, reserved 1048576K
}
Event: 11.309 GC heap before
{Heap before GC invocations=14 (full 2):
 PSYoungGen      total 23040K, used 22912K [0x00000000eab00000, 0x00000000ec680000, 0x0000000100000000)
  eden space 20992K, 100% used [0x00000000eab00000,0x00000000ebf80000,0x00000000ebf80000)
  from space 2048K, 93% used [0x00000000ec000000,0x00000000ec1e0010,0x00000000ec200000)
  to   space 3072K, 0% used [0x00000000ec380000,0x00000000ec380000,0x00000000ec680000)
 ParOldGen       total 68608K, used 23748K [0x00000000c0000000, 0x00000000c4300000, 0x00000000eab00000)
  object space 68608K, 34% used [0x00000000c0000000,0x00000000c1731018,0x00000000c4300000)
 Metaspace       used 47599K, committed 48256K, reserved 1097728K
  class space    used 5185K, committed 5504K, reserved 1048576K
}
Event: 11.318 GC heap after
{Heap after GC invocations=14 (full 2):
 PSYoungGen      total 23552K, used 2539K [0x00000000eab00000, 0x00000000ec600000, 0x0000000100000000)
  eden space 20992K, 0% used [0x00000000eab00000,0x00000000eab00000,0x00000000ebf80000)
  from space 2560K, 99% used [0x00000000ec380000,0x00000000ec5fafa8,0x00000000ec600000)
  to   space 3072K, 0% used [0x00000000ec000000,0x00000000ec000000,0x00000000ec300000)
 ParOldGen       total 68608K, used 25626K [0x00000000c0000000, 0x00000000c4300000, 0x00000000eab00000)
  object space 68608K, 37% used [0x00000000c0000000,0x00000000c19068a8,0x00000000c4300000)
 Metaspace       used 47599K, committed 48256K, reserved 1097728K
  class space    used 5185K, committed 5504K, reserved 1048576K
}
Event: 12.084 GC heap before
{Heap before GC invocations=15 (full 2):
 PSYoungGen      total 23552K, used 23531K [0x00000000eab00000, 0x00000000ec600000, 0x0000000100000000)
  eden space 20992K, 99% used [0x00000000eab00000,0x00000000ebf7ff58,0x00000000ebf80000)
  from space 2560K, 99% used [0x00000000ec380000,0x00000000ec5fafa8,0x00000000ec600000)
  to   space 3072K, 0% used [0x00000000ec000000,0x00000000ec000000,0x00000000ec300000)
 ParOldGen       total 68608K, used 25626K [0x00000000c0000000, 0x00000000c4300000, 0x00000000eab00000)
  object space 68608K, 37% used [0x00000000c0000000,0x00000000c19068a8,0x00000000c4300000)
 Metaspace       used 49639K, committed 50432K, reserved 1097728K
  class space    used 5387K, committed 5696K, reserved 1048576K
}
Event: 12.100 GC heap after
{Heap after GC invocations=15 (full 2):
 PSYoungGen      total 22016K, used 875K [0x00000000eab00000, 0x00000000ec400000, 0x0000000100000000)
  eden space 20992K, 0% used [0x00000000eab00000,0x00000000eab00000,0x00000000ebf80000)
  from space 1024K, 85% used [0x00000000ec000000,0x00000000ec0daf78,0x00000000ec100000)
  to   space 1536K, 0% used [0x00000000ec280000,0x00000000ec280000,0x00000000ec400000)
 ParOldGen       total 68608K, used 27971K [0x00000000c0000000, 0x00000000c4300000, 0x00000000eab00000)
  object space 68608K, 40% used [0x00000000c0000000,0x00000000c1b50f08,0x00000000c4300000)
 Metaspace       used 49639K, committed 50432K, reserved 1097728K
  class space    used 5387K, committed 5696K, reserved 1048576K
}
Event: 12.974 GC heap before
{Heap before GC invocations=16 (full 2):
 PSYoungGen      total 22016K, used 21867K [0x00000000eab00000, 0x00000000ec400000, 0x0000000100000000)
  eden space 20992K, 100% used [0x00000000eab00000,0x00000000ebf80000,0x00000000ebf80000)
  from space 1024K, 85% used [0x00000000ec000000,0x00000000ec0daf78,0x00000000ec100000)
  to   space 1536K, 0% used [0x00000000ec280000,0x00000000ec280000,0x00000000ec400000)
 ParOldGen       total 68608K, used 27971K [0x00000000c0000000, 0x00000000c4300000, 0x00000000eab00000)
  object space 68608K, 40% used [0x00000000c0000000,0x00000000c1b50f08,0x00000000c4300000)
 Metaspace       used 52942K, committed 53824K, reserved 1097728K
  class space    used 5765K, committed 6144K, reserved 1048576K
}
Event: 12.978 GC heap after
{Heap after GC invocations=16 (full 2):
 PSYoungGen      total 22528K, used 1407K [0x00000000eab00000, 0x00000000ec400000, 0x0000000100000000)
  eden space 20992K, 0% used [0x00000000eab00000,0x00000000eab00000,0x00000000ebf80000)
  from space 1536K, 91% used [0x00000000ec280000,0x00000000ec3dfd50,0x00000000ec400000)
  to   space 1536K, 0% used [0x00000000ec100000,0x00000000ec100000,0x00000000ec280000)
 ParOldGen       total 68608K, used 28637K [0x00000000c0000000, 0x00000000c4300000, 0x00000000eab00000)
  object space 68608K, 41% used [0x00000000c0000000,0x00000000c1bf76a8,0x00000000c4300000)
 Metaspace       used 52942K, committed 53824K, reserved 1097728K
  class space    used 5765K, committed 6144K, reserved 1048576K
}

Deoptimization events (20 events):
Event: 12.920 Thread 0x000000001bd53250 Uncommon trap: trap_request=0xffffffde fr.pc=0x000000000cf6c380 relative=0x0000000000000080
Event: 12.922 Thread 0x000000001bd53250 Uncommon trap: reason=class_check action=maybe_recompile pc=0x000000000cf6c380 method=org.eclipse.jdt.internal.core.JavaElement.setParent(Lorg/eclipse/jdt/internal/core/JavaElement;)V @ 10 c2
Event: 12.922 Thread 0x000000001bd53250 DEOPT PACKING pc=0x000000000cf6c380 sp=0x000000001b66db40
Event: 12.923 Thread 0x000000001bd53250 DEOPT UNPACKING pc=0x000000000536209d sp=0x000000001b66dad8 mode 2
Event: 12.923 Thread 0x000000001bd53250 Uncommon trap: trap_request=0xffffffde fr.pc=0x000000000cf6c380 relative=0x0000000000000080
Event: 12.923 Thread 0x000000001bd53250 Uncommon trap: reason=class_check action=maybe_recompile pc=0x000000000cf6c380 method=org.eclipse.jdt.internal.core.JavaElement.setParent(Lorg/eclipse/jdt/internal/core/JavaElement;)V @ 10 c2
Event: 12.923 Thread 0x000000001bd53250 DEOPT PACKING pc=0x000000000cf6c380 sp=0x000000001b66db40
Event: 12.923 Thread 0x000000001bd53250 DEOPT UNPACKING pc=0x000000000536209d sp=0x000000001b66dad8 mode 2
Event: 12.923 Thread 0x000000001bd53250 Uncommon trap: trap_request=0xffffffde fr.pc=0x000000000cf6c380 relative=0x0000000000000080
Event: 12.923 Thread 0x000000001bd53250 Uncommon trap: reason=class_check action=maybe_recompile pc=0x000000000cf6c380 method=org.eclipse.jdt.internal.core.JavaElement.setParent(Lorg/eclipse/jdt/internal/core/JavaElement;)V @ 10 c2
Event: 12.923 Thread 0x000000001bd53250 DEOPT PACKING pc=0x000000000cf6c380 sp=0x000000001b66db40
Event: 12.923 Thread 0x000000001bd53250 DEOPT UNPACKING pc=0x000000000536209d sp=0x000000001b66dad8 mode 2
Event: 12.923 Thread 0x000000001bd53250 Uncommon trap: trap_request=0xffffffde fr.pc=0x000000000cf6c380 relative=0x0000000000000080
Event: 12.923 Thread 0x000000001bd53250 Uncommon trap: reason=class_check action=maybe_recompile pc=0x000000000cf6c380 method=org.eclipse.jdt.internal.core.JavaElement.setParent(Lorg/eclipse/jdt/internal/core/JavaElement;)V @ 10 c2
Event: 12.923 Thread 0x000000001bd53250 DEOPT PACKING pc=0x000000000cf6c380 sp=0x000000001b66db40
Event: 12.923 Thread 0x000000001bd53250 DEOPT UNPACKING pc=0x000000000536209d sp=0x000000001b66dad8 mode 2
Event: 13.021 Thread 0x000000001bdf7fb0 Uncommon trap: trap_request=0xffffff45 fr.pc=0x000000000ce8b398 relative=0x00000000000001f8
Event: 13.021 Thread 0x000000001bdf7fb0 Uncommon trap: reason=unstable_if action=reinterpret pc=0x000000000ce8b398 method=java.util.WeakHashMap.expungeStaleEntries()V @ 9 c2
Event: 13.021 Thread 0x000000001bdf7fb0 DEOPT PACKING pc=0x000000000ce8b398 sp=0x000000001cefe1e0
Event: 13.021 Thread 0x000000001bdf7fb0 DEOPT UNPACKING pc=0x000000000536209d sp=0x000000001cefe178 mode 2

Classes unloaded (0 events):
No events

Classes redefined (0 events):
No events

Internal exceptions (20 events):
Event: 11.765 Thread 0x000000001bd52d80 Exception <a 'java/lang/NoSuchMethodError'{0x00000000eb042938}: 'java.lang.Object java.lang.invoke.DirectMethodHandle$Holder.invokeInterface(java.lang.Object, java.lang.Object, java.lang.Object)'> (0x00000000eb042938) 
thrown [e:\jenkins\tmp\workspace\build\src\src\hotspot\share\interpreter\linkResolver.cpp, line 766]
Event: 11.853 Thread 0x000000001bd53720 Exception <a 'java/io/FileNotFoundException'{0x00000000eb0a9668}> (0x00000000eb0a9668) 
thrown [e:\jenkins\tmp\workspace\build\src\src\hotspot\share\prims\jni.cpp, line 516]
Event: 11.855 Thread 0x000000001bd53720 Exception <a 'java/io/FileNotFoundException'{0x00000000eb0ab6d8}> (0x00000000eb0ab6d8) 
thrown [e:\jenkins\tmp\workspace\build\src\src\hotspot\share\prims\jni.cpp, line 516]
Event: 11.856 Thread 0x000000001bd53720 Exception <a 'java/io/FileNotFoundException'{0x00000000eb0acb50}> (0x00000000eb0acb50) 
thrown [e:\jenkins\tmp\workspace\build\src\src\hotspot\share\prims\jni.cpp, line 516]
Event: 12.131 Thread 0x000000001bd53720 Exception <a 'java/lang/NoSuchMethodError'{0x00000000eab8d0a0}: 'java.lang.Object java.lang.invoke.DirectMethodHandle$Holder.newInvokeSpecial(java.lang.Object, java.lang.Object, java.lang.Object, int)'> (0x00000000eab8d0a0) 
thrown [e:\jenkins\tmp\workspace\build\src\src\hotspot\share\interpreter\linkResolver.cpp, line 766]
Event: 12.132 Thread 0x000000001bd53720 Exception <a 'java/lang/NoSuchMethodError'{0x00000000eab90e58}: 'java.lang.Object java.lang.invoke.DirectMethodHandle$Holder.invokeSpecial(java.lang.Object, java.lang.Object, java.lang.Object, java.lang.Object, int)'> (0x00000000eab90e58) 
thrown [e:\jenkins\tmp\workspace\build\src\src\hotspot\share\interpreter\linkResolver.cpp, line 766]
Event: 12.133 Thread 0x000000001bd53720 Exception <a 'java/lang/NoSuchMethodError'{0x00000000eab94830}: 'java.lang.Object java.lang.invoke.Invokers$Holder.linkToTargetMethod(java.lang.Object, java.lang.Object, int, java.lang.Object)'> (0x00000000eab94830) 
thrown [e:\jenkins\tmp\workspace\build\src\src\hotspot\share\interpreter\linkResolver.cpp, line 766]
Event: 12.187 Thread 0x000000001bd53720 Exception <a 'java/lang/ArrayIndexOutOfBoundsException'{0x00000000eac31168}> (0x00000000eac31168) 
thrown [e:\jenkins\tmp\workspace\build\src\src\hotspot\share\runtime\sharedRuntime.cpp, line 628]
Event: 12.211 Thread 0x000000001bd53720 Exception <a 'java/lang/ArrayIndexOutOfBoundsException'{0x00000000eac50798}> (0x00000000eac50798) 
thrown [e:\jenkins\tmp\workspace\build\src\src\hotspot\share\runtime\sharedRuntime.cpp, line 628]
Event: 12.218 Thread 0x000000001bd53720 Exception <a 'java/lang/ArrayIndexOutOfBoundsException'{0x00000000eac5dcb8}> (0x00000000eac5dcb8) 
thrown [e:\jenkins\tmp\workspace\build\src\src\hotspot\share\runtime\sharedRuntime.cpp, line 628]
Event: 12.222 Thread 0x000000001bd53720 Exception <a 'java/lang/ArrayIndexOutOfBoundsException'{0x00000000eac63bf0}> (0x00000000eac63bf0) 
thrown [e:\jenkins\tmp\workspace\build\src\src\hotspot\share\runtime\sharedRuntime.cpp, line 628]
Event: 12.225 Thread 0x000000001bd53720 Exception <a 'java/lang/NoSuchMethodError'{0x00000000eac6def0}: 'int java.lang.invoke.DirectMethodHandle$Holder.invokeVirtual(java.lang.Object, java.lang.Object)'> (0x00000000eac6def0) 
thrown [e:\jenkins\tmp\workspace\build\src\src\hotspot\share\interpreter\linkResolver.cpp, line 766]
Event: 12.253 Thread 0x000000001bd53720 Implicit null exception at 0x000000000cf1f6f6 to 0x000000000cf1fdd9
Event: 12.256 Thread 0x000000001bd53720 Exception <a 'java/lang/NoSuchMethodError'{0x00000000ead49660}: 'int java.lang.invoke.DirectMethodHandle$Holder.invokeVirtual(java.lang.Object, java.lang.Object, java.lang.Object)'> (0x00000000ead49660) 
thrown [e:\jenkins\tmp\workspace\build\src\src\hotspot\share\interpreter\linkResolver.cpp, line 766]
Event: 12.417 Thread 0x000000001bd53720 Exception <a 'sun/nio/fs/WindowsException'{0x00000000eadce8c0}> (0x00000000eadce8c0) 
thrown [e:\jenkins\tmp\workspace\build\src\src\hotspot\share\prims\jni.cpp, line 516]
Event: 12.425 Thread 0x000000001bd53720 Exception <a 'sun/nio/fs/WindowsException'{0x00000000eadd8060}> (0x00000000eadd8060) 
thrown [e:\jenkins\tmp\workspace\build\src\src\hotspot\share\prims\jni.cpp, line 516]
Event: 12.539 Thread 0x000000001bd53250 Exception <a 'sun/nio/fs/WindowsException'{0x00000000eb3ad690}> (0x00000000eb3ad690) 
thrown [e:\jenkins\tmp\workspace\build\src\src\hotspot\share\prims\jni.cpp, line 516]
Event: 12.644 Thread 0x000000001bd53720 Exception <a 'sun/nio/fs/WindowsException'{0x00000000eb510320}> (0x00000000eb510320) 
thrown [e:\jenkins\tmp\workspace\build\src\src\hotspot\share\prims\jni.cpp, line 516]
Event: 12.688 Thread 0x000000001bd53720 Exception <a 'sun/nio/fs/WindowsException'{0x00000000eb51ac80}> (0x00000000eb51ac80) 
thrown [e:\jenkins\tmp\workspace\build\src\src\hotspot\share\prims\jni.cpp, line 516]
Event: 12.796 Thread 0x000000001bd52d80 Exception <a 'java/lang/ArrayIndexOutOfBoundsException'{0x00000000eb794128}> (0x00000000eb794128) 
thrown [e:\jenkins\tmp\workspace\build\src\src\hotspot\share\runtime\sharedRuntime.cpp, line 628]

VM Operations (20 events):
Event: 11.397 Executing VM operation: HandshakeAllThreads
Event: 11.397 Executing VM operation: HandshakeAllThreads done
Event: 11.634 Executing VM operation: HandshakeAllThreads
Event: 11.640 Executing VM operation: HandshakeAllThreads done
Event: 11.641 Executing VM operation: HandshakeAllThreads
Event: 11.641 Executing VM operation: HandshakeAllThreads done
Event: 12.079 Executing VM operation: ParallelGCFailedAllocation
Event: 12.103 Executing VM operation: ParallelGCFailedAllocation done
Event: 12.153 Executing VM operation: HandshakeAllThreads
Event: 12.153 Executing VM operation: HandshakeAllThreads done
Event: 12.705 Executing VM operation: ICBufferFull
Event: 12.706 Executing VM operation: ICBufferFull done
Event: 12.780 Executing VM operation: HandshakeAllThreads
Event: 12.780 Executing VM operation: HandshakeAllThreads done
Event: 12.787 Executing VM operation: HandshakeAllThreads
Event: 12.788 Executing VM operation: HandshakeAllThreads done
Event: 12.807 Executing VM operation: HandshakeAllThreads
Event: 12.807 Executing VM operation: HandshakeAllThreads done
Event: 12.971 Executing VM operation: ParallelGCFailedAllocation
Event: 12.980 Executing VM operation: ParallelGCFailedAllocation done

Events (20 events):
Event: 12.835 loading class jdk/internal/util/random/RandomSupport
Event: 12.835 loading class jdk/internal/util/random/RandomSupport done
Event: 12.836 loading class java/util/concurrent/ForkJoinPool$DefaultCommonPoolForkJoinWorkerThreadFactory$1
Event: 12.837 loading class java/util/concurrent/ForkJoinPool$DefaultCommonPoolForkJoinWorkerThreadFactory$1 done
Event: 12.839 Thread 0x000000001bd53bf0 Thread added: 0x000000001bd53bf0
Event: 12.840 loading class java/util/concurrent/CompletableFuture$UniAccept
Event: 12.840 loading class java/util/concurrent/CompletableFuture$UniAccept done
Event: 12.840 loading class java/util/concurrent/CompletableFuture$UniExceptionally
Event: 12.840 loading class java/util/concurrent/CompletableFuture$UniExceptionally done
Event: 12.848 Thread 0x000000001bd540c0 Thread added: 0x000000001bd540c0
Event: 12.877 loading class java/util/HashMap$ValueSpliterator
Event: 12.877 loading class java/util/HashMap$ValueSpliterator done
Event: 12.894 loading class jdk/internal/event/SecurityPropertyModificationEvent
Event: 12.894 loading class jdk/internal/event/SecurityPropertyModificationEvent done
Event: 12.906 Thread 0x000000001bd54590 Thread added: 0x000000001bd54590
Event: 12.924 Thread 0x000000001bd54a60 Thread added: 0x000000001bd54a60
Event: 12.979 loading class sun/nio/ch/Util$BufferCache
Event: 12.980 loading class sun/nio/ch/Util$BufferCache done
Event: 12.981 loading class java/nio/DirectByteBuffer$Deallocator
Event: 12.981 loading class java/nio/DirectByteBuffer$Deallocator done


Dynamic libraries:
0x000000013fcd0000 - 0x000000013fcde000 	c:\Users\DELL\.vscode\extensions\redhat.java-1.2.0\jre\17.0.1-win32-x86_64\bin\java.exe
0x0000000076de0000 - 0x0000000076f7f000 	C:\Windows\SYSTEM32\ntdll.dll
0x000007feee100000 - 0x000007feee116000 	C:\Program Files\AVAST Software\Avast\aswhook.dll
0x0000000076bc0000 - 0x0000000076ce0000 	C:\Windows\system32\kernel32.dll
0x000007fefcbd0000 - 0x000007fefcc37000 	C:\Windows\system32\KERNELBASE.dll
0x000007fef4520000 - 0x000007fef4538000 	c:\Users\DELL\.vscode\extensions\redhat.java-1.2.0\jre\17.0.1-win32-x86_64\bin\jli.dll
0x000007fefb350000 - 0x000007fefb545000 	C:\Windows\WinSxS\amd64_microsoft.windows.common-controls_6595b64144ccf1df_6.0.7601.24483_none_e372d88f30fbb845\COMCTL32.dll
0x000007fefccf0000 - 0x000007fefcd8f000 	C:\Windows\system32\msvcrt.dll
0x000007fefde30000 - 0x000007fefde97000 	C:\Windows\system32\GDI32.dll
0x0000000076ce0000 - 0x0000000076ddb000 	C:\Windows\system32\USER32.dll
0x000007fefde20000 - 0x000007fefde2e000 	C:\Windows\system32\LPK.dll
0x000007fefda70000 - 0x000007fefdb3b000 	C:\Windows\system32\USP10.dll
0x000007fefcfc0000 - 0x000007fefd031000 	C:\Windows\system32\SHLWAPI.dll
0x000007fef4500000 - 0x000007fef4519000 	c:\Users\DELL\.vscode\extensions\redhat.java-1.2.0\jre\17.0.1-win32-x86_64\bin\VCRUNTIME140.dll
0x000007fef3e70000 - 0x000007fef3e74000 	c:\Users\DELL\.vscode\extensions\redhat.java-1.2.0\jre\17.0.1-win32-x86_64\bin\api-ms-win-crt-runtime-l1-1-0.dll
0x000007fee6100000 - 0x000007fee61fa000 	c:\Users\DELL\.vscode\extensions\redhat.java-1.2.0\jre\17.0.1-win32-x86_64\bin\ucrtbase.DLL
0x000007fef3e60000 - 0x000007fef3e63000 	c:\Users\DELL\.vscode\extensions\redhat.java-1.2.0\jre\17.0.1-win32-x86_64\bin\api-ms-win-core-localization-l1-2-0.dll
0x000007fef3e50000 - 0x000007fef3e53000 	c:\Users\DELL\.vscode\extensions\redhat.java-1.2.0\jre\17.0.1-win32-x86_64\bin\api-ms-win-core-processthreads-l1-1-1.dll
0x000007fef2fe0000 - 0x000007fef2fe3000 	c:\Users\DELL\.vscode\extensions\redhat.java-1.2.0\jre\17.0.1-win32-x86_64\bin\api-ms-win-core-file-l1-2-0.dll
0x000007fef2fd0000 - 0x000007fef2fd3000 	c:\Users\DELL\.vscode\extensions\redhat.java-1.2.0\jre\17.0.1-win32-x86_64\bin\api-ms-win-core-timezone-l1-1-0.dll
0x000007fef1c80000 - 0x000007fef1c83000 	c:\Users\DELL\.vscode\extensions\redhat.java-1.2.0\jre\17.0.1-win32-x86_64\bin\api-ms-win-core-file-l2-1-0.dll
0x000007feefa30000 - 0x000007feefa33000 	c:\Users\DELL\.vscode\extensions\redhat.java-1.2.0\jre\17.0.1-win32-x86_64\bin\api-ms-win-core-synch-l1-2-0.dll
0x000007feef8f0000 - 0x000007feef8f3000 	c:\Users\DELL\.vscode\extensions\redhat.java-1.2.0\jre\17.0.1-win32-x86_64\bin\api-ms-win-crt-heap-l1-1-0.dll
0x000007feef8c0000 - 0x000007feef8c4000 	c:\Users\DELL\.vscode\extensions\redhat.java-1.2.0\jre\17.0.1-win32-x86_64\bin\api-ms-win-crt-string-l1-1-0.dll
0x000007feef5b0000 - 0x000007feef5b4000 	c:\Users\DELL\.vscode\extensions\redhat.java-1.2.0\jre\17.0.1-win32-x86_64\bin\api-ms-win-crt-stdio-l1-1-0.dll
0x000007feeed90000 - 0x000007feeed94000 	c:\Users\DELL\.vscode\extensions\redhat.java-1.2.0\jre\17.0.1-win32-x86_64\bin\api-ms-win-crt-convert-l1-1-0.dll
0x000007feeebe0000 - 0x000007feeebe3000 	c:\Users\DELL\.vscode\extensions\redhat.java-1.2.0\jre\17.0.1-win32-x86_64\bin\api-ms-win-crt-environment-l1-1-0.dll
0x000007feec180000 - 0x000007feec183000 	c:\Users\DELL\.vscode\extensions\redhat.java-1.2.0\jre\17.0.1-win32-x86_64\bin\api-ms-win-crt-filesystem-l1-1-0.dll
0x000007feec170000 - 0x000007feec175000 	c:\Users\DELL\.vscode\extensions\redhat.java-1.2.0\jre\17.0.1-win32-x86_64\bin\api-ms-win-crt-math-l1-1-0.dll
0x000007feeb3e0000 - 0x000007feeb3e3000 	c:\Users\DELL\.vscode\extensions\redhat.java-1.2.0\jre\17.0.1-win32-x86_64\bin\api-ms-win-crt-locale-l1-1-0.dll
0x000007fefe2a0000 - 0x000007fefe2ce000 	C:\Windows\system32\IMM32.DLL
0x000007fefd960000 - 0x000007fefda6b000 	C:\Windows\system32\MSCTF.dll
0x000007feeb3d0000 - 0x000007feeb3dc000 	c:\Users\DELL\.vscode\extensions\redhat.java-1.2.0\jre\17.0.1-win32-x86_64\bin\vcruntime140_1.dll
0x000007fee6060000 - 0x000007fee60f1000 	c:\Users\DELL\.vscode\extensions\redhat.java-1.2.0\jre\17.0.1-win32-x86_64\bin\msvcp140.dll
0x000007feeb190000 - 0x000007feeb193000 	c:\Users\DELL\.vscode\extensions\redhat.java-1.2.0\jre\17.0.1-win32-x86_64\bin\api-ms-win-crt-time-l1-1-0.dll
0x000007feeadd0000 - 0x000007feeadd3000 	c:\Users\DELL\.vscode\extensions\redhat.java-1.2.0\jre\17.0.1-win32-x86_64\bin\api-ms-win-crt-utility-l1-1-0.dll
0x000007fec7260000 - 0x000007fec7ea6000 	c:\Users\DELL\.vscode\extensions\redhat.java-1.2.0\jre\17.0.1-win32-x86_64\bin\server\jvm.dll
0x000007fefe1c0000 - 0x000007fefe29b000 	C:\Windows\system32\ADVAPI32.dll
0x000007fefdea0000 - 0x000007fefdebf000 	C:\Windows\SYSTEM32\sechost.dll
0x000007fefd830000 - 0x000007fefd95c000 	C:\Windows\system32\RPCRT4.dll
0x000007fef76b0000 - 0x000007fef76b9000 	C:\Windows\system32\WSOCK32.dll
0x000007fefd330000 - 0x000007fefd37d000 	C:\Windows\system32\WS2_32.dll
0x000007feff0c0000 - 0x000007feff0c8000 	C:\Windows\system32\NSI.dll
0x000007fef3bb0000 - 0x000007fef3beb000 	C:\Windows\system32\WINMM.dll
0x000007fefb9e0000 - 0x000007fefb9ec000 	C:\Windows\system32\VERSION.dll
0x0000000076f90000 - 0x0000000076f97000 	C:\Windows\system32\PSAPI.DLL
0x000007feeadb0000 - 0x000007feeadba000 	c:\Users\DELL\.vscode\extensions\redhat.java-1.2.0\jre\17.0.1-win32-x86_64\bin\jimage.dll
0x000007fefa400000 - 0x000007fefa525000 	C:\Windows\system32\DBGHELP.DLL
0x000007feea160000 - 0x000007feea185000 	c:\Users\DELL\.vscode\extensions\redhat.java-1.2.0\jre\17.0.1-win32-x86_64\bin\java.dll
0x000007feead90000 - 0x000007feeada8000 	c:\Users\DELL\.vscode\extensions\redhat.java-1.2.0\jre\17.0.1-win32-x86_64\bin\zip.dll
0x000007fefe330000 - 0x000007feff0bb000 	C:\Windows\system32\SHELL32.dll
0x000007fefdb40000 - 0x000007fefdd3f000 	C:\Windows\system32\ole32.dll
0x000007fefc930000 - 0x000007fefc93f000 	C:\Windows\system32\profapi.dll
0x000007fee9100000 - 0x000007fee9119000 	C:\Users\DELL\.vscode\extensions\redhat.java-1.2.0\jre\17.0.1-win32-x86_64\bin\net.dll
0x000007fef5760000 - 0x000007fef57d1000 	C:\Windows\system32\WINHTTP.dll
0x000007fef56f0000 - 0x000007fef5755000 	C:\Windows\system32\webio.dll
0x000007fefc0b0000 - 0x000007fefc105000 	C:\Windows\system32\mswsock.dll
0x000007fefc0a0000 - 0x000007fefc0a7000 	C:\Windows\System32\wship6.dll
0x000007fee90e0000 - 0x000007fee90f5000 	C:\Users\DELL\.vscode\extensions\redhat.java-1.2.0\jre\17.0.1-win32-x86_64\bin\nio.dll
0x000007fefc110000 - 0x000007fefc128000 	C:\Windows\system32\CRYPTSP.dll
0x000007fefbe10000 - 0x000007fefbe57000 	C:\Windows\system32\rsaenh.dll
0x000007fefc970000 - 0x000007fefc98f000 	C:\Windows\system32\USERENV.dll
0x000007fefc7d0000 - 0x000007fefc7df000 	C:\Windows\system32\CRYPTBASE.dll
0x000007fef9b60000 - 0x000007fef9b87000 	C:\Windows\system32\IPHLPAPI.DLL
0x000007fef9b50000 - 0x000007fef9b5b000 	C:\Windows\system32\WINNSI.DLL
0x000007fef7bf0000 - 0x000007fef7c08000 	C:\Windows\system32\dhcpcsvc.DLL
0x000007fef7c10000 - 0x000007fef7c21000 	C:\Windows\system32\dhcpcsvc6.DLL
0x000007fee7a70000 - 0x000007fee7aae000 	C:\Users\DELL\AppData\Roaming\Code\User\globalStorage\redhat.java\1.2.0\config_win\org.eclipse.equinox.launcher\org.eclipse.equinox.launcher.win32.win32.x86_64_1.2.400.v20211117-0650\eclipse_11602.dll
0x000007feea150000 - 0x000007feea160000 	c:\Users\DELL\.vscode\extensions\redhat.java-1.2.0\jre\17.0.1-win32-x86_64\bin\verify.dll
0x000007fee8c70000 - 0x000007fee8c81000 	C:\Users\DELL\AppData\Roaming\Code\User\globalStorage\redhat.java\1.2.0\config_win\org.eclipse.osgi\22\0\.cp\jWinHttp-1.0.0.dll
0x000007fefc740000 - 0x000007fefc765000 	C:\Windows\system32\SspiCli.dll
0x000007fefbd20000 - 0x000007fefbd2a000 	C:\Windows\system32\credssp.dll
0x000007fefccb0000 - 0x000007fefcce6000 	C:\Windows\system32\CFGMGR32.dll

dbghelp: loaded successfully - version: 4.0.5 - missing functions: none
symbol engine: initialized successfully - sym options: 0x614 - pdb path: .;c:\Users\DELL\.vscode\extensions\redhat.java-1.2.0\jre\17.0.1-win32-x86_64\bin;C:\Windows\SYSTEM32;C:\Program Files\AVAST Software\Avast;C:\Windows\WinSxS\amd64_microsoft.windows.common-controls_6595b64144ccf1df_6.0.7601.24483_none_e372d88f30fbb845;c:\Users\DELL\.vscode\extensions\redhat.java-1.2.0\jre\17.0.1-win32-x86_64\bin\server;C:\Users\DELL\AppData\Roaming\Code\User\globalStorage\redhat.java\1.2.0\config_win\org.eclipse.equinox.launcher\org.eclipse.equinox.launcher.win32.win32.x86_64_1.2.400.v20211117-0650;C:\Users\DELL\AppData\Roaming\Code\User\globalStorage\redhat.java\1.2.0\config_win\org.eclipse.osgi\22\0\.cp

VM Arguments:
jvm_args: --add-modules=ALL-SYSTEM --add-opens=java.base/java.util=ALL-UNNAMED --add-opens=java.base/java.lang=ALL-UNNAMED -Declipse.application=org.eclipse.jdt.ls.core.id1 -Dosgi.bundles.defaultStartLevel=4 -Declipse.product=org.eclipse.jdt.ls.core.product -Djava.import.generatesMetadataFilesAtProjectRoot=false -Dfile.encoding=utf8 -DwatchParentProcess=false -XX:+UseParallelGC -XX:GCTimeRatio=4 -XX:AdaptiveSizePolicyWeight=90 -Dsun.zip.disableMemoryMapping=true -Xmx1G -Xms100m -XX:+HeapDumpOnOutOfMemoryError -XX:HeapDumpPath=c:\Users\DELL\AppData\Roaming\Code\User\workspaceStorage\4cef00c22476a0f5344aade2b7cc0877\redhat.java 
java_command: c:\Users\DELL\.vscode\extensions\redhat.java-1.2.0\server\plugins\org.eclipse.equinox.launcher_1.6.400.v20210924-0641.jar -configuration c:\Users\DELL\AppData\Roaming\Code\User\globalStorage\redhat.java\1.2.0\config_win -data c:\Users\DELL\AppData\Roaming\Code\User\workspaceStorage\4cef00c22476a0f5344aade2b7cc0877\redhat.java\jdt_ws
java_class_path (initial): c:\Users\DELL\.vscode\extensions\redhat.java-1.2.0\server\plugins\org.eclipse.equinox.launcher_1.6.400.v20210924-0641.jar
Launcher Type: SUN_STANDARD

[Global flags]
    uintx AdaptiveSizePolicyWeight                 = 90                                        {product} {command line}
     intx CICompilerCount                          = 3                                         {product} {ergonomic}
    uintx GCTimeRatio                              = 4                                         {product} {command line}
     bool HeapDumpOnOutOfMemoryError               = true                                   {manageable} {command line}
    ccstr HeapDumpPath                             = c:\Users\DELL\AppData\Roaming\Code\User\workspaceStorage\4cef00c22476a0f5344aade2b7cc0877\redhat.java         {manageable} {command line}
   size_t InitialHeapSize                          = 104857600                                 {product} {command line}
   size_t MaxHeapSize                              = 1073741824                                {product} {command line}
   size_t MaxNewSize                               = 357564416                                 {product} {ergonomic}
   size_t MinHeapDeltaBytes                        = 524288                                    {product} {ergonomic}
   size_t MinHeapSize                              = 104857600                                 {product} {command line}
   size_t NewSize                                  = 34603008                                  {product} {ergonomic}
    uintx NonNMethodCodeHeapSize                   = 5832780                                {pd product} {ergonomic}
    uintx NonProfiledCodeHeapSize                  = 122912730                              {pd product} {ergonomic}
   size_t OldSize                                  = 70254592                                  {product} {ergonomic}
    uintx ProfiledCodeHeapSize                     = 122912730                              {pd product} {ergonomic}
    uintx ReservedCodeCacheSize                    = 251658240                              {pd product} {ergonomic}
     bool SegmentedCodeCache                       = true                                      {product} {ergonomic}
   size_t SoftMaxHeapSize                          = 1073741824                             {manageable} {ergonomic}
     bool UseCompressedClassPointers               = true                           {product lp64_product} {ergonomic}
     bool UseCompressedOops                        = true                           {product lp64_product} {ergonomic}
     bool UseLargePagesIndividualAllocation        = false                                  {pd product} {ergonomic}
     bool UseParallelGC                            = true                                      {product} {command line}

Logging:
Log output configuration:
 #0: stdout all=warning uptime,level,tags
 #1: stderr all=off uptime,level,tags

Environment Variables:
JAVA_HOME=C:\Users\DELL\AppData\Local\Programs\Eclipse Foundation\jdk-11.0.12.7-hotspot\
PATH=C:\Program Files (x86)\Common Files\Intel\Shared Files\cpp\bin\Intel64;C:\Program Files\Common Files\Oracle\Java\javapath;C:\Program Files (x86)\Common Files\Oracle\Java\javapath;C:\Windows\system32;C:\Windows;C:\Windows\System32\Wbem;C:\Windows\System32\WindowsPowerShell\v1.0\;C:\Program Files\Git\cmd;C:\Program Files\nodejs\;C:\Users\DELL\AppData\Local\Programs\Eclipse Foundation\jdk-11.0.12.7-hotspot\bin;C:\Users\DELL\AppData\Roaming\npm;C:\Users\DELL\AppData\Local\Programs\Microsoft VS Code\bin
USERNAME=DELL
OS=Windows_NT
PROCESSOR_IDENTIFIER=Intel64 Family 6 Model 37 Stepping 5, GenuineIntel



---------------  S Y S T E M  ---------------

OS:
 Windows 7 , 64 bit Build 7601 (6.1.7601.24556)
OS uptime: 0 days 10:18 hours

CPU: total 4 (initial active 4) (2 cores per cpu, 2 threads per core) family 6 model 37 stepping 5 microcode 0x0, cx8, cmov, fxsr, ht, mmx, sse, sse2, sse3, ssse3, sse4.1, sse4.2, popcnt, tsc, tscinvbit, aes, clmul, clflush

Memory: 4k page, system-wide physical 8117M (2865M free)
TotalPageFile size 8115M (AvailPageFile size 182M)
current process WorkingSet (physical memory assigned to process): 216M, peak: 216M
current process commit charge ("private bytes"): 289M, peak: 298M

vm_info: OpenJDK 64-Bit Server VM (17.0.1+12) for windows-amd64 JRE (17.0.1+12), built on Oct 20 2021 07:42:55 by "" with MS VC++ 16.7 (VS2019)

END.
